SF:/mnt/d/RustGameServer/crates/admin-service/src/db.rs
FN:25,_RNCNCNvNtCs8MDOBp0Ievp_13admin_service2db13pool_from_env00B7_
FN:46,_RNCNCNvNtCs8MDOBp0Ievp_13admin_service2db14run_migrations00B7_
FN:24,_RNCNvNtCs8MDOBp0Ievp_13admin_service2db13pool_from_env0B5_
FN:42,_RNCNvNtCs8MDOBp0Ievp_13admin_service2db14run_migrations0B5_
FN:31,_RNCNvNtCs8MDOBp0Ievp_13admin_service2db9init_pool0B5_
FN:24,_RNvNtCs8MDOBp0Ievp_13admin_service2db13pool_from_env
FN:42,_RNvNtCs8MDOBp0Ievp_13admin_service2db14run_migrations
FN:13,_RNvNtCs8MDOBp0Ievp_13admin_service2db25sqlx_tracing_sample_ratio
FN:31,_RNvNtCs8MDOBp0Ievp_13admin_service2db9init_pool
FN:13,_RNvNtCs1n3hO9iSSs8_13admin_service2db25sqlx_tracing_sample_ratio
FN:31,_RNvNtCs1n3hO9iSSs8_13admin_service2db9init_pool
FN:67,_RNvNtNtCs1n3hO9iSSs8_13admin_service2db5testss_31sqlx_tracing_sample_ratio_valid
FN:60,_RNvNtNtCs1n3hO9iSSs8_13admin_service2db5testss_33sqlx_tracing_sample_ratio_default
FN:24,_RNvNtCs1n3hO9iSSs8_13admin_service2db13pool_from_env
FN:42,_RNvNtCs1n3hO9iSSs8_13admin_service2db14run_migrations
FN:25,_RNCNCNvNtCs1n3hO9iSSs8_13admin_service2db13pool_from_env00B7_
FN:46,_RNCNCNvNtCs1n3hO9iSSs8_13admin_service2db14run_migrations00B7_
FN:24,_RNCNvNtCs1n3hO9iSSs8_13admin_service2db13pool_from_env0B5_
FN:42,_RNCNvNtCs1n3hO9iSSs8_13admin_service2db14run_migrations0B5_
FN:31,_RNCNvNtCs1n3hO9iSSs8_13admin_service2db9init_pool0B5_
FNDA:0,_RNCNCNvNtCs8MDOBp0Ievp_13admin_service2db13pool_from_env00B7_
FNDA:0,_RNCNCNvNtCs8MDOBp0Ievp_13admin_service2db14run_migrations00B7_
FNDA:1,_RNCNvNtCs8MDOBp0Ievp_13admin_service2db13pool_from_env0B5_
FNDA:0,_RNCNvNtCs8MDOBp0Ievp_13admin_service2db14run_migrations0B5_
FNDA:1,_RNCNvNtCs8MDOBp0Ievp_13admin_service2db9init_pool0B5_
FNDA:1,_RNvNtCs8MDOBp0Ievp_13admin_service2db13pool_from_env
FNDA:0,_RNvNtCs8MDOBp0Ievp_13admin_service2db14run_migrations
FNDA:0,_RNvNtCs8MDOBp0Ievp_13admin_service2db25sqlx_tracing_sample_ratio
FNDA:1,_RNvNtCs8MDOBp0Ievp_13admin_service2db9init_pool
FNDA:2,_RNvNtCs1n3hO9iSSs8_13admin_service2db25sqlx_tracing_sample_ratio
FNDA:0,_RNvNtCs1n3hO9iSSs8_13admin_service2db9init_pool
FNDA:1,_RNvNtNtCs1n3hO9iSSs8_13admin_service2db5testss_31sqlx_tracing_sample_ratio_valid
FNDA:1,_RNvNtNtCs1n3hO9iSSs8_13admin_service2db5testss_33sqlx_tracing_sample_ratio_default
FNDA:0,_RNvNtCs1n3hO9iSSs8_13admin_service2db13pool_from_env
FNDA:0,_RNvNtCs1n3hO9iSSs8_13admin_service2db14run_migrations
FNDA:0,_RNCNCNvNtCs1n3hO9iSSs8_13admin_service2db13pool_from_env00B7_
FNDA:0,_RNCNCNvNtCs1n3hO9iSSs8_13admin_service2db14run_migrations00B7_
FNDA:0,_RNCNvNtCs1n3hO9iSSs8_13admin_service2db13pool_from_env0B5_
FNDA:0,_RNCNvNtCs1n3hO9iSSs8_13admin_service2db14run_migrations0B5_
FNDA:0,_RNCNvNtCs1n3hO9iSSs8_13admin_service2db9init_pool0B5_
FNF:11
FNH:7
DA:13,2
DA:15,2
DA:16,1
DA:17,1
DA:18,0
DA:20,1
DA:22,2
DA:24,1
DA:25,1
DA:26,0
DA:27,0
DA:28,1
DA:29,1
DA:31,1
DA:32,1
DA:33,1
DA:34,1
DA:35,1
DA:36,1
DA:37,1
DA:38,1
DA:39,0
DA:40,1
DA:42,0
DA:43,0
DA:44,0
DA:45,0
DA:46,0
DA:47,0
DA:48,0
DA:60,1
DA:61,1
DA:62,1
DA:63,1
DA:64,1
DA:67,1
DA:68,1
DA:69,1
DA:70,1
DA:71,1
DA:72,1
BRF:0
BRH:0
LF:47
LH:32
end_of_record
SF:/mnt/d/RustGameServer/crates/admin-service/src/entity.rs
FN:71,_RNvMNtCs8MDOBp0Ievp_13admin_service6entityNtB2_9AdminUser16can_admin_domain
FN:52,_RNvMNtCs8MDOBp0Ievp_13admin_service6entityNtB2_9AdminUser3new
FN:66,_RNvMNtCs8MDOBp0Ievp_13admin_service6entityNtB2_9AdminUser9is_active
FN:108,_RNvMs_NtCs8MDOBp0Ievp_13admin_service6entityNtB4_13AuditLogEntry3new
FN:135,_RNvNtCs8MDOBp0Ievp_13admin_service6entity12compute_hash
FN:77,_RNCNvMNtCs8MDOBp0Ievp_13admin_service6entityNtB4_9AdminUser16can_admin_domain0B6_
FN:77,_RNCNvMNtCs1n3hO9iSSs8_13admin_service6entityNtB4_9AdminUser16can_admin_domain0B6_
FN:71,_RNvMNtCs1n3hO9iSSs8_13admin_service6entityNtB2_9AdminUser16can_admin_domain
FN:52,_RNvMNtCs1n3hO9iSSs8_13admin_service6entityNtB2_9AdminUser3new
FN:66,_RNvMNtCs1n3hO9iSSs8_13admin_service6entityNtB2_9AdminUser9is_active
FN:108,_RNvMs_NtCs1n3hO9iSSs8_13admin_service6entityNtB4_13AuditLogEntry3new
FN:135,_RNvNtCs1n3hO9iSSs8_13admin_service6entity12compute_hash
FN:161,_RNvNtNtCs1n3hO9iSSs8_13admin_service6entity5testss_27admin_user_can_admin_domain
FN:181,_RNvNtNtCs1n3hO9iSSs8_13admin_service6entity5testss_28audit_log_hash_chain_changes
FN:230,_RNvNtNtCs1n3hO9iSSs8_13admin_service6entity5testss_35compute_hash_separator_independence
FN:204,_RNvNtNtCs1n3hO9iSSs8_13admin_service6entity5testss_39compute_hash_collision_resistance_basic
FNDA:0,_RNvMNtCs8MDOBp0Ievp_13admin_service6entityNtB2_9AdminUser16can_admin_domain
FNDA:0,_RNvMNtCs8MDOBp0Ievp_13admin_service6entityNtB2_9AdminUser3new
FNDA:0,_RNvMNtCs8MDOBp0Ievp_13admin_service6entityNtB2_9AdminUser9is_active
FNDA:0,_RNvMs_NtCs8MDOBp0Ievp_13admin_service6entityNtB4_13AuditLogEntry3new
FNDA:0,_RNvNtCs8MDOBp0Ievp_13admin_service6entity12compute_hash
FNDA:0,_RNCNvMNtCs8MDOBp0Ievp_13admin_service6entityNtB4_9AdminUser16can_admin_domain0B6_
FNDA:2,_RNCNvMNtCs1n3hO9iSSs8_13admin_service6entityNtB4_9AdminUser16can_admin_domain0B6_
FNDA:5,_RNvMNtCs1n3hO9iSSs8_13admin_service6entityNtB2_9AdminUser16can_admin_domain
FNDA:8,_RNvMNtCs1n3hO9iSSs8_13admin_service6entityNtB2_9AdminUser3new
FNDA:4,_RNvMNtCs1n3hO9iSSs8_13admin_service6entityNtB2_9AdminUser9is_active
FNDA:46,_RNvMs_NtCs1n3hO9iSSs8_13admin_service6entityNtB4_13AuditLogEntry3new
FNDA:1048,_RNvNtCs1n3hO9iSSs8_13admin_service6entity12compute_hash
FNDA:1,_RNvNtNtCs1n3hO9iSSs8_13admin_service6entity5testss_27admin_user_can_admin_domain
FNDA:1,_RNvNtNtCs1n3hO9iSSs8_13admin_service6entity5testss_28audit_log_hash_chain_changes
FNDA:1,_RNvNtNtCs1n3hO9iSSs8_13admin_service6entity5testss_35compute_hash_separator_independence
FNDA:1,_RNvNtNtCs1n3hO9iSSs8_13admin_service6entity5testss_39compute_hash_collision_resistance_basic
FNF:10
FNH:10
DA:52,8
DA:53,8
DA:54,8
DA:55,8
DA:56,8
DA:57,8
DA:58,8
DA:59,8
DA:60,8
DA:61,8
DA:62,8
DA:63,8
DA:66,4
DA:67,4
DA:68,4
DA:71,5
DA:72,5
DA:73,2
DA:74,2
DA:75,2
DA:76,2
DA:77,2
DA:78,2
DA:79,1
DA:80,0
DA:82,5
DA:108,46
DA:109,46
DA:110,46
DA:111,46
DA:112,46
DA:113,46
DA:114,46
DA:115,46
DA:116,46
DA:117,46
DA:118,46
DA:119,46
DA:120,46
DA:121,46
DA:122,46
DA:123,46
DA:124,46
DA:125,46
DA:126,46
DA:127,46
DA:135,1048
DA:136,1048
DA:137,1048
DA:138,1048
DA:139,1048
DA:140,1048
DA:141,1048
DA:142,1048
DA:143,1048
DA:144,1048
DA:145,1048
DA:146,1048
DA:147,1048
DA:148,1048
DA:149,1048
DA:150,1048
DA:151,1048
DA:152,1048
DA:153,1048
DA:154,1048
DA:161,1
DA:162,1
DA:163,1
DA:164,1
DA:165,1
DA:167,1
DA:168,1
DA:170,1
DA:171,1
DA:172,1
DA:173,1
DA:174,1
DA:176,1
DA:177,1
DA:178,1
DA:181,1
DA:182,1
DA:183,1
DA:184,1
DA:185,1
DA:186,1
DA:187,1
DA:188,1
DA:190,1
DA:191,1
DA:192,1
DA:193,1
DA:194,1
DA:195,1
DA:197,1
DA:198,1
DA:199,1
DA:204,1
DA:206,1
DA:207,1
DA:208,1
DA:209,1000
DA:211,1000
DA:212,1000
DA:213,1000
DA:214,1000
DA:215,1000
DA:216,1000
DA:217,1000
DA:219,1000
DA:220,1000
DA:222,1
DA:223,1
DA:230,1
DA:231,1
DA:232,1
DA:233,1
DA:234,1
DA:235,1
DA:239,1
BRF:0
BRH:0
LF:122
LH:121
end_of_record
SF:/mnt/d/RustGameServer/crates/admin-service/src/error.rs
FN:58,_RNvXNtCs8MDOBp0Ievp_13admin_service5errorNtB2_5ErrorINtNtCsc36rpYXAlPq_4core7convert4FromNtNtCseEpVf4lFubh_9sqlx_core5error5ErrorE4from
FN:70,_RNvXs0_NtCs8MDOBp0Ievp_13admin_service5errorNtB5_5ErrorINtNtCsc36rpYXAlPq_4core7convert4FromNtNtCsbSyVXrKCV0h_5tonic6status6StatusE4from
FN:64,_RNvXs_NtCs8MDOBp0Ievp_13admin_service5errorNtB4_5ErrorINtNtCsc36rpYXAlPq_4core7convert4FromNtCs3JDQKA9KgDL_6anyhow5ErrorE4from
FN:76,_RNvXs1_NtCs8MDOBp0Ievp_13admin_service5errorNtNtCsbSyVXrKCV0h_5tonic6status6StatusINtNtCsc36rpYXAlPq_4core7convert4FromNtB5_5ErrorE4from
FN:76,_RNvXs1_NtCs1n3hO9iSSs8_13admin_service5errorNtNtCsbSyVXrKCV0h_5tonic6status6StatusINtNtCsc36rpYXAlPq_4core7convert4FromNtB5_5ErrorE4from
FN:122,_RNvNtNtCs1n3hO9iSSs8_13admin_service5error5testss_28audit_log_tamper_to_internal
FN:142,_RNvNtNtCs1n3hO9iSSs8_13admin_service5error5testss_33cem_publish_failed_to_unavailable
FN:132,_RNvNtNtCs1n3hO9iSSs8_13admin_service5error5testss_38coc_role_required_to_permission_denied
FN:110,_RNvNtNtCs1n3hO9iSSs8_13admin_service5error5testss_38invalid_credentials_to_unauthenticated
FN:116,_RNvNtNtCs1n3hO9iSSs8_13admin_service5error5testss_40admin_session_expired_to_unauthenticated
FN:58,_RNvXNtCs1n3hO9iSSs8_13admin_service5errorNtB2_5ErrorINtNtCsc36rpYXAlPq_4core7convert4FromNtNtCseEpVf4lFubh_9sqlx_core5error5ErrorE4from
FN:70,_RNvXs0_NtCs1n3hO9iSSs8_13admin_service5errorNtB5_5ErrorINtNtCsc36rpYXAlPq_4core7convert4FromNtNtCsbSyVXrKCV0h_5tonic6status6StatusE4from
FN:64,_RNvXs_NtCs1n3hO9iSSs8_13admin_service5errorNtB4_5ErrorINtNtCsc36rpYXAlPq_4core7convert4FromNtCs3JDQKA9KgDL_6anyhow5ErrorE4from
FNDA:1,_RNvXNtCs8MDOBp0Ievp_13admin_service5errorNtB2_5ErrorINtNtCsc36rpYXAlPq_4core7convert4FromNtNtCseEpVf4lFubh_9sqlx_core5error5ErrorE4from
FNDA:0,_RNvXs0_NtCs8MDOBp0Ievp_13admin_service5errorNtB5_5ErrorINtNtCsc36rpYXAlPq_4core7convert4FromNtNtCsbSyVXrKCV0h_5tonic6status6StatusE4from
FNDA:0,_RNvXs_NtCs8MDOBp0Ievp_13admin_service5errorNtB4_5ErrorINtNtCsc36rpYXAlPq_4core7convert4FromNtCs3JDQKA9KgDL_6anyhow5ErrorE4from
FNDA:0,_RNvXs1_NtCs8MDOBp0Ievp_13admin_service5errorNtNtCsbSyVXrKCV0h_5tonic6status6StatusINtNtCsc36rpYXAlPq_4core7convert4FromNtB5_5ErrorE4from
FNDA:5,_RNvXs1_NtCs1n3hO9iSSs8_13admin_service5errorNtNtCsbSyVXrKCV0h_5tonic6status6StatusINtNtCsc36rpYXAlPq_4core7convert4FromNtB5_5ErrorE4from
FNDA:1,_RNvNtNtCs1n3hO9iSSs8_13admin_service5error5testss_28audit_log_tamper_to_internal
FNDA:1,_RNvNtNtCs1n3hO9iSSs8_13admin_service5error5testss_33cem_publish_failed_to_unavailable
FNDA:1,_RNvNtNtCs1n3hO9iSSs8_13admin_service5error5testss_38coc_role_required_to_permission_denied
FNDA:1,_RNvNtNtCs1n3hO9iSSs8_13admin_service5error5testss_38invalid_credentials_to_unauthenticated
FNDA:1,_RNvNtNtCs1n3hO9iSSs8_13admin_service5error5testss_40admin_session_expired_to_unauthenticated
FNDA:0,_RNvXNtCs1n3hO9iSSs8_13admin_service5errorNtB2_5ErrorINtNtCsc36rpYXAlPq_4core7convert4FromNtNtCseEpVf4lFubh_9sqlx_core5error5ErrorE4from
FNDA:0,_RNvXs0_NtCs1n3hO9iSSs8_13admin_service5errorNtB5_5ErrorINtNtCsc36rpYXAlPq_4core7convert4FromNtNtCsbSyVXrKCV0h_5tonic6status6StatusE4from
FNDA:0,_RNvXs_NtCs1n3hO9iSSs8_13admin_service5errorNtB4_5ErrorINtNtCsc36rpYXAlPq_4core7convert4FromNtCs3JDQKA9KgDL_6anyhow5ErrorE4from
FNF:9
FNH:7
DA:58,1
DA:59,1
DA:60,1
DA:64,0
DA:65,0
DA:66,0
DA:70,0
DA:71,0
DA:72,0
DA:76,5
DA:78,5
DA:79,0
DA:80,0
DA:81,0
DA:82,0
DA:83,0
DA:84,0
DA:85,0
DA:86,0
DA:87,0
DA:90,1
DA:93,1
DA:95,1
DA:97,1
DA:99,1
DA:101,5
DA:110,1
DA:111,1
DA:112,1
DA:113,1
DA:116,1
DA:117,1
DA:118,1
DA:119,1
DA:122,1
DA:123,1
DA:124,1
DA:125,1
DA:126,1
DA:127,1
DA:128,1
DA:129,1
DA:132,1
DA:133,1
DA:134,1
DA:135,1
DA:136,1
DA:137,1
DA:138,1
DA:139,1
DA:142,1
DA:143,1
DA:144,1
DA:145,1
DA:146,1
DA:147,1
DA:148,1
DA:149,1
BRF:0
BRH:0
LF:58
LH:43
end_of_record
SF:/mnt/d/RustGameServer/crates/admin-service/src/main.rs
FN:47,_RNCNCNvCsksZ2jXjPyLJ_13admin_service4main00B5_
FN:93,_RNCNCNvCsksZ2jXjPyLJ_13admin_service4main0s0_0B5_
FN:103,_RNCNCNvCsksZ2jXjPyLJ_13admin_service4main0s1_0B5_
FN:141,_RNCNCNvCsksZ2jXjPyLJ_13admin_service4main0s2_0B5_
FN:151,_RNCNCNvCsksZ2jXjPyLJ_13admin_service4main0s3_0B5_
FN:61,_RNCNCNvCsksZ2jXjPyLJ_13admin_service4main0s_0B5_
FN:41,_RNCNvCsksZ2jXjPyLJ_13admin_service4main0B3_
FN:41,_RNvCsksZ2jXjPyLJ_13admin_service4main
FN:47,_RNCNCNvCs8jm7tF1S8u_13admin_service4main00B5_
FN:93,_RNCNCNvCs8jm7tF1S8u_13admin_service4main0s0_0B5_
FN:103,_RNCNCNvCs8jm7tF1S8u_13admin_service4main0s1_0B5_
FN:141,_RNCNCNvCs8jm7tF1S8u_13admin_service4main0s2_0B5_
FN:151,_RNCNCNvCs8jm7tF1S8u_13admin_service4main0s3_0B5_
FN:61,_RNCNCNvCs8jm7tF1S8u_13admin_service4main0s_0B5_
FN:41,_RNCNvCs8jm7tF1S8u_13admin_service4main0B3_
FN:41,_RNvCs8jm7tF1S8u_13admin_service4main
FNDA:0,_RNCNCNvCsksZ2jXjPyLJ_13admin_service4main00B5_
FNDA:0,_RNCNCNvCsksZ2jXjPyLJ_13admin_service4main0s0_0B5_
FNDA:0,_RNCNCNvCsksZ2jXjPyLJ_13admin_service4main0s1_0B5_
FNDA:0,_RNCNCNvCsksZ2jXjPyLJ_13admin_service4main0s2_0B5_
FNDA:0,_RNCNCNvCsksZ2jXjPyLJ_13admin_service4main0s3_0B5_
FNDA:0,_RNCNCNvCsksZ2jXjPyLJ_13admin_service4main0s_0B5_
FNDA:1,_RNCNvCsksZ2jXjPyLJ_13admin_service4main0B3_
FNDA:1,_RNvCsksZ2jXjPyLJ_13admin_service4main
FNDA:0,_RNCNCNvCs8jm7tF1S8u_13admin_service4main00B5_
FNDA:0,_RNCNCNvCs8jm7tF1S8u_13admin_service4main0s0_0B5_
FNDA:0,_RNCNCNvCs8jm7tF1S8u_13admin_service4main0s1_0B5_
FNDA:0,_RNCNCNvCs8jm7tF1S8u_13admin_service4main0s2_0B5_
FNDA:0,_RNCNCNvCs8jm7tF1S8u_13admin_service4main0s3_0B5_
FNDA:0,_RNCNCNvCs8jm7tF1S8u_13admin_service4main0s_0B5_
FNDA:0,_RNCNvCs8jm7tF1S8u_13admin_service4main0B3_
FNDA:0,_RNvCs8jm7tF1S8u_13admin_service4main
FNF:8
FNH:2
DA:41,1
DA:42,1
DA:44,1
DA:45,1
DA:46,1
DA:47,1
DA:49,1
DA:54,1
DA:55,1
DA:56,1
DA:57,1
DA:60,1
DA:61,1
DA:62,1
DA:63,1
DA:64,1
DA:66,1
DA:69,1
DA:70,0
DA:71,1
DA:72,1
DA:73,1
DA:76,0
DA:77,0
DA:78,0
DA:79,0
DA:81,0
DA:82,0
DA:84,0
DA:89,0
DA:93,0
DA:94,0
DA:95,0
DA:96,0
DA:97,0
DA:98,0
DA:100,0
DA:101,0
DA:102,0
DA:103,0
DA:105,0
DA:106,0
DA:107,0
DA:108,0
DA:110,0
DA:111,0
DA:122,0
DA:123,0
DA:125,0
DA:129,0
DA:130,0
DA:131,0
DA:132,0
DA:133,0
DA:134,0
DA:135,0
DA:140,0
DA:141,0
DA:143,0
DA:144,0
DA:145,0
DA:149,0
DA:151,0
DA:152,0
DA:153,0
DA:154,0
DA:155,0
DA:157,0
DA:158,0
DA:159,0
DA:160,0
DA:161,0
DA:164,0
DA:165,0
DA:166,0
DA:167,0
DA:168,0
DA:169,0
DA:170,0
DA:171,0
DA:172,1
DA:173,1
BRF:0
BRH:0
LF:90
LH:24
end_of_record
SF:/mnt/d/RustGameServer/crates/admin-service/src/pfau.rs
FN:111,_RNvMs_NtCs1n3hO9iSSs8_13admin_service4pfauNtB4_9CanaryAck10record_ack
FN:115,_RNvMs_NtCs1n3hO9iSSs8_13admin_service4pfauNtB4_9CanaryAck12is_all_acked
FN:108,_RNvMs_NtCs1n3hO9iSSs8_13admin_service4pfauNtB4_9CanaryAck3new
FN:69,_RNvNtCs1n3hO9iSSs8_13admin_service4pfau14can_transition
FN:31,_RNvXNtCs1n3hO9iSSs8_13admin_service4pfauNtB2_9PfauStateNtNtCsc36rpYXAlPq_4core3fmt7Display3fmt
FN:172,_RNvNtNtCs1n3hO9iSSs8_13admin_service4pfau5testss_19aborted_is_terminal
FN:164,_RNvNtNtCs1n3hO9iSSs8_13admin_service4pfau5testss_21completed_is_terminal
FN:147,_RNvNtNtCs1n3hO9iSSs8_13admin_service4pfau5testss_22observing_can_complete
FN:159,_RNvNtNtCs1n3hO9iSSs8_13admin_service4pfau5testss_25rolling_back_can_complete
FN:136,_RNvNtNtCs1n3hO9iSSs8_13admin_service4pfau5testss_28canary_in_progress_can_pause
FN:152,_RNvNtNtCs1n3hO9iSSs8_13admin_service4pfau5testss_31paused_can_retry_rollback_abort
FN:131,_RNvNtNtCs1n3hO9iSSs8_13admin_service4pfau5testss_33declared_cannot_jump_to_completed
FN:191,_RNvNtNtCs1n3hO9iSSs8_13admin_service4pfau5testss_38canary_ack_zero_total_is_not_all_acked
FN:179,_RNvNtNtCs1n3hO9iSSs8_13admin_service4pfau5testss_42canary_ack_all_acked_only_when_total_acked
FN:126,_RNvNtNtCs1n3hO9iSSs8_13admin_service4pfau5testss_42declared_can_advance_to_canary_in_progress
FN:141,_RNvNtNtCs1n3hO9iSSs8_13admin_service4pfau5testss_42observing_can_return_to_canary_in_progress
FN:92,_RNvNtCs1n3hO9iSSs8_13admin_service4pfau14try_transition
FNDA:5,_RNvMs_NtCs1n3hO9iSSs8_13admin_service4pfauNtB4_9CanaryAck10record_ack
FNDA:7,_RNvMs_NtCs1n3hO9iSSs8_13admin_service4pfauNtB4_9CanaryAck12is_all_acked
FNDA:2,_RNvMs_NtCs1n3hO9iSSs8_13admin_service4pfauNtB4_9CanaryAck3new
FNDA:27,_RNvNtCs1n3hO9iSSs8_13admin_service4pfau14can_transition
FNDA:0,_RNvXNtCs1n3hO9iSSs8_13admin_service4pfauNtB2_9PfauStateNtNtCsc36rpYXAlPq_4core3fmt7Display3fmt
FNDA:1,_RNvNtNtCs1n3hO9iSSs8_13admin_service4pfau5testss_19aborted_is_terminal
FNDA:1,_RNvNtNtCs1n3hO9iSSs8_13admin_service4pfau5testss_21completed_is_terminal
FNDA:1,_RNvNtNtCs1n3hO9iSSs8_13admin_service4pfau5testss_22observing_can_complete
FNDA:1,_RNvNtNtCs1n3hO9iSSs8_13admin_service4pfau5testss_25rolling_back_can_complete
FNDA:1,_RNvNtNtCs1n3hO9iSSs8_13admin_service4pfau5testss_28canary_in_progress_can_pause
FNDA:1,_RNvNtNtCs1n3hO9iSSs8_13admin_service4pfau5testss_31paused_can_retry_rollback_abort
FNDA:1,_RNvNtNtCs1n3hO9iSSs8_13admin_service4pfau5testss_33declared_cannot_jump_to_completed
FNDA:1,_RNvNtNtCs1n3hO9iSSs8_13admin_service4pfau5testss_38canary_ack_zero_total_is_not_all_acked
FNDA:1,_RNvNtNtCs1n3hO9iSSs8_13admin_service4pfau5testss_42canary_ack_all_acked_only_when_total_acked
FNDA:1,_RNvNtNtCs1n3hO9iSSs8_13admin_service4pfau5testss_42declared_can_advance_to_canary_in_progress
FNDA:1,_RNvNtNtCs1n3hO9iSSs8_13admin_service4pfau5testss_42observing_can_return_to_canary_in_progress
FNDA:0,_RNvNtCs1n3hO9iSSs8_13admin_service4pfau14try_transition
FNF:17
FNH:15
DA:31,0
DA:32,0
DA:33,0
DA:34,0
DA:35,0
DA:36,0
DA:37,0
DA:38,0
DA:39,0
DA:40,0
DA:41,0
DA:43,0
DA:44,0
DA:69,27
DA:71,19
DA:72,27
DA:89,27
DA:92,0
DA:93,0
DA:94,0
DA:96,0
DA:98,0
DA:108,2
DA:109,2
DA:110,2
DA:111,5
DA:112,5
DA:113,5
DA:115,7
DA:116,7
DA:117,7
DA:126,1
DA:127,1
DA:128,1
DA:131,1
DA:132,1
DA:133,1
DA:136,1
DA:137,1
DA:138,1
DA:141,1
DA:143,1
DA:144,1
DA:147,1
DA:148,1
DA:149,1
DA:152,1
DA:153,1
DA:154,1
DA:155,1
DA:156,1
DA:159,1
DA:160,1
DA:161,1
DA:164,1
DA:166,9
DA:167,9
DA:169,1
DA:172,1
DA:173,9
DA:174,9
DA:176,1
DA:179,1
DA:180,1
DA:181,1
DA:182,1
DA:183,4
DA:184,4
DA:186,1
DA:187,1
DA:188,1
DA:191,1
DA:193,1
DA:194,1
DA:195,1
BRF:0
BRH:0
LF:75
LH:57
end_of_record
SF:/mnt/d/RustGameServer/crates/admin-service/src/repository.rs
FN:61,_RNvMNtCs8MDOBp0Ievp_13admin_service10repositoryNtB2_21PgAdminUserRepository3new
FN:269,_RNvMs0_NtCs8MDOBp0Ievp_13admin_service10repositoryNtB5_27InMemoryAdminUserRepository3new
FN:326,_RNvMs2_NtCs8MDOBp0Ievp_13admin_service10repositoryNtB5_26InMemoryAuditLogRepository3new
FN:152,_RNvMs_NtCs8MDOBp0Ievp_13admin_service10repositoryNtB4_20PgAuditLogRepository3new
FN:397,_RNvNtCs8MDOBp0Ievp_13admin_service10repository10parse_role
FN:388,_RNvNtCs8MDOBp0Ievp_13admin_service10repository11role_to_str
FN:157,_RNvNtCs8MDOBp0Ievp_13admin_service10repository12row_to_audit
FN:66,_RNvNtCs8MDOBp0Ievp_13admin_service10repository17row_to_admin_user
FN:277,_RNvXs1_NtCs8MDOBp0Ievp_13admin_service10repositoryNtB5_27InMemoryAdminUserRepositoryNtNtCsc36rpYXAlPq_4core7default7Default7default
FN:334,_RNvXs3_NtCs8MDOBp0Ievp_13admin_service10repositoryNtB5_26InMemoryAuditLogRepositoryNtNtCsc36rpYXAlPq_4core7default7Default7default
FN:82,_RNvXs4_NtCs8MDOBp0Ievp_13admin_service10repositoryNtB5_21PgAdminUserRepositoryNtB5_19AdminUserRepository10find_by_id
FN:136,_RNvXs4_NtCs8MDOBp0Ievp_13admin_service10repositoryNtB5_21PgAdminUserRepositoryNtB5_19AdminUserRepository11list_active
FN:93,_RNvXs4_NtCs8MDOBp0Ievp_13admin_service10repositoryNtB5_21PgAdminUserRepositoryNtB5_19AdminUserRepository16find_by_username
FN:104,_RNvXs4_NtCs8MDOBp0Ievp_13admin_service10repositoryNtB5_21PgAdminUserRepositoryNtB5_19AdminUserRepository4save
FN:127,_RNvXs4_NtCs8MDOBp0Ievp_13admin_service10repositoryNtB5_21PgAdminUserRepositoryNtB5_19AdminUserRepository7disable
FN:191,_RNvXs5_NtCs8MDOBp0Ievp_13admin_service10repositoryNtB5_20PgAuditLogRepositoryNtB5_18AuditLogRepository10find_by_id
FN:228,_RNvXs5_NtCs8MDOBp0Ievp_13admin_service10repositoryNtB5_20PgAuditLogRepositoryNtB5_18AuditLogRepository13append_atomic
FN:202,_RNvXs5_NtCs8MDOBp0Ievp_13admin_service10repositoryNtB5_20PgAuditLogRepositoryNtB5_18AuditLogRepository13list_by_actor
FN:172,_RNvXs5_NtCs8MDOBp0Ievp_13admin_service10repositoryNtB5_20PgAuditLogRepositoryNtB5_18AuditLogRepository6append
FN:214,_RNvXs5_NtCs8MDOBp0Ievp_13admin_service10repositoryNtB5_20PgAuditLogRepositoryNtB5_18AuditLogRepository6latest
FN:284,_RNvXs6_NtCs8MDOBp0Ievp_13admin_service10repositoryNtB5_27InMemoryAdminUserRepositoryNtB5_19AdminUserRepository10find_by_id
FN:309,_RNvXs6_NtCs8MDOBp0Ievp_13admin_service10repositoryNtB5_27InMemoryAdminUserRepositoryNtB5_19AdminUserRepository11list_active
FN:287,_RNvXs6_NtCs8MDOBp0Ievp_13admin_service10repositoryNtB5_27InMemoryAdminUserRepositoryNtB5_19AdminUserRepository16find_by_username
FN:296,_RNvXs6_NtCs8MDOBp0Ievp_13admin_service10repositoryNtB5_27InMemoryAdminUserRepositoryNtB5_19AdminUserRepository4save
FN:300,_RNvXs6_NtCs8MDOBp0Ievp_13admin_service10repositoryNtB5_27InMemoryAdminUserRepositoryNtB5_19AdminUserRepository7disable
FN:345,_RNvXs7_NtCs8MDOBp0Ievp_13admin_service10repositoryNtB5_26InMemoryAuditLogRepositoryNtB5_18AuditLogRepository10find_by_id
FN:375,_RNvXs7_NtCs8MDOBp0Ievp_13admin_service10repositoryNtB5_26InMemoryAuditLogRepositoryNtB5_18AuditLogRepository13append_atomic
FN:348,_RNvXs7_NtCs8MDOBp0Ievp_13admin_service10repositoryNtB5_26InMemoryAuditLogRepositoryNtB5_18AuditLogRepository13list_by_actor
FN:341,_RNvXs7_NtCs8MDOBp0Ievp_13admin_service10repositoryNtB5_26InMemoryAuditLogRepositoryNtB5_18AuditLogRepository6append
FN:361,_RNvXs7_NtCs8MDOBp0Ievp_13admin_service10repositoryNtB5_26InMemoryAuditLogRepositoryNtB5_18AuditLogRepository6latest
FN:315,_RNCNCNvXs6_NtCs8MDOBp0Ievp_13admin_service10repositoryNtB9_27InMemoryAdminUserRepositoryNtB9_19AdminUserRepository11list_active00Bb_
FN:293,_RNCNCNvXs6_NtCs8MDOBp0Ievp_13admin_service10repositoryNtB9_27InMemoryAdminUserRepositoryNtB9_19AdminUserRepository16find_by_username00Bb_
FN:354,_RNCNCNvXs7_NtCs8MDOBp0Ievp_13admin_service10repositoryNtB9_26InMemoryAuditLogRepositoryNtB9_18AuditLogRepository13list_by_actor00Bb_
FN:357,_RNCNCNvXs7_NtCs8MDOBp0Ievp_13admin_service10repositoryNtB9_26InMemoryAuditLogRepositoryNtB9_18AuditLogRepository13list_by_actor0s_0Bb_
FN:315,_RNCNCNvXs6_NtCs1n3hO9iSSs8_13admin_service10repositoryNtB9_27InMemoryAdminUserRepositoryNtB9_19AdminUserRepository11list_active00Bb_
FN:293,_RNCNCNvXs6_NtCs1n3hO9iSSs8_13admin_service10repositoryNtB9_27InMemoryAdminUserRepositoryNtB9_19AdminUserRepository16find_by_username00Bb_
FN:354,_RNCNCNvXs7_NtCs1n3hO9iSSs8_13admin_service10repositoryNtB9_26InMemoryAuditLogRepositoryNtB9_18AuditLogRepository13list_by_actor00Bb_
FN:357,_RNCNCNvXs7_NtCs1n3hO9iSSs8_13admin_service10repositoryNtB9_26InMemoryAuditLogRepositoryNtB9_18AuditLogRepository13list_by_actor0s_0Bb_
FN:269,_RNvMs0_NtCs1n3hO9iSSs8_13admin_service10repositoryNtB5_27InMemoryAdminUserRepository3new
FN:326,_RNvMs2_NtCs1n3hO9iSSs8_13admin_service10repositoryNtB5_26InMemoryAuditLogRepository3new
FN:284,_RNvXs6_NtCs1n3hO9iSSs8_13admin_service10repositoryNtB5_27InMemoryAdminUserRepositoryNtB5_19AdminUserRepository10find_by_id
FN:309,_RNvXs6_NtCs1n3hO9iSSs8_13admin_service10repositoryNtB5_27InMemoryAdminUserRepositoryNtB5_19AdminUserRepository11list_active
FN:287,_RNvXs6_NtCs1n3hO9iSSs8_13admin_service10repositoryNtB5_27InMemoryAdminUserRepositoryNtB5_19AdminUserRepository16find_by_username
FN:296,_RNvXs6_NtCs1n3hO9iSSs8_13admin_service10repositoryNtB5_27InMemoryAdminUserRepositoryNtB5_19AdminUserRepository4save
FN:300,_RNvXs6_NtCs1n3hO9iSSs8_13admin_service10repositoryNtB5_27InMemoryAdminUserRepositoryNtB5_19AdminUserRepository7disable
FN:345,_RNvXs7_NtCs1n3hO9iSSs8_13admin_service10repositoryNtB5_26InMemoryAuditLogRepositoryNtB5_18AuditLogRepository10find_by_id
FN:375,_RNvXs7_NtCs1n3hO9iSSs8_13admin_service10repositoryNtB5_26InMemoryAuditLogRepositoryNtB5_18AuditLogRepository13append_atomic
FN:348,_RNvXs7_NtCs1n3hO9iSSs8_13admin_service10repositoryNtB5_26InMemoryAuditLogRepositoryNtB5_18AuditLogRepository13list_by_actor
FN:341,_RNvXs7_NtCs1n3hO9iSSs8_13admin_service10repositoryNtB5_26InMemoryAuditLogRepositoryNtB5_18AuditLogRepository6append
FN:361,_RNvXs7_NtCs1n3hO9iSSs8_13admin_service10repositoryNtB5_26InMemoryAuditLogRepositoryNtB5_18AuditLogRepository6latest
FN:411,_RNCNvNtNtCs1n3hO9iSSs8_13admin_service10repository5testss_25in_memory_admin_user_crud0B7_
FN:426,_RNCNvNtNtCs1n3hO9iSSs8_13admin_service10repository5testss_26in_memory_audit_log_latest0B7_
FN:61,_RNvMNtCs1n3hO9iSSs8_13admin_service10repositoryNtB2_21PgAdminUserRepository3new
FN:152,_RNvMs_NtCs1n3hO9iSSs8_13admin_service10repositoryNtB4_20PgAuditLogRepository3new
FN:397,_RNvNtCs1n3hO9iSSs8_13admin_service10repository10parse_role
FN:388,_RNvNtCs1n3hO9iSSs8_13admin_service10repository11role_to_str
FN:157,_RNvNtCs1n3hO9iSSs8_13admin_service10repository12row_to_audit
FN:66,_RNvNtCs1n3hO9iSSs8_13admin_service10repository17row_to_admin_user
FN:277,_RNvXs1_NtCs1n3hO9iSSs8_13admin_service10repositoryNtB5_27InMemoryAdminUserRepositoryNtNtCsc36rpYXAlPq_4core7default7Default7default
FN:334,_RNvXs3_NtCs1n3hO9iSSs8_13admin_service10repositoryNtB5_26InMemoryAuditLogRepositoryNtNtCsc36rpYXAlPq_4core7default7Default7default
FN:82,_RNvXs4_NtCs1n3hO9iSSs8_13admin_service10repositoryNtB5_21PgAdminUserRepositoryNtB5_19AdminUserRepository10find_by_id
FN:136,_RNvXs4_NtCs1n3hO9iSSs8_13admin_service10repositoryNtB5_21PgAdminUserRepositoryNtB5_19AdminUserRepository11list_active
FN:93,_RNvXs4_NtCs1n3hO9iSSs8_13admin_service10repositoryNtB5_21PgAdminUserRepositoryNtB5_19AdminUserRepository16find_by_username
FN:104,_RNvXs4_NtCs1n3hO9iSSs8_13admin_service10repositoryNtB5_21PgAdminUserRepositoryNtB5_19AdminUserRepository4save
FN:127,_RNvXs4_NtCs1n3hO9iSSs8_13admin_service10repositoryNtB5_21PgAdminUserRepositoryNtB5_19AdminUserRepository7disable
FN:191,_RNvXs5_NtCs1n3hO9iSSs8_13admin_service10repositoryNtB5_20PgAuditLogRepositoryNtB5_18AuditLogRepository10find_by_id
FN:228,_RNvXs5_NtCs1n3hO9iSSs8_13admin_service10repositoryNtB5_20PgAuditLogRepositoryNtB5_18AuditLogRepository13append_atomic
FN:202,_RNvXs5_NtCs1n3hO9iSSs8_13admin_service10repositoryNtB5_20PgAuditLogRepositoryNtB5_18AuditLogRepository13list_by_actor
FN:172,_RNvXs5_NtCs1n3hO9iSSs8_13admin_service10repositoryNtB5_20PgAuditLogRepositoryNtB5_18AuditLogRepository6append
FN:214,_RNvXs5_NtCs1n3hO9iSSs8_13admin_service10repositoryNtB5_20PgAuditLogRepositoryNtB5_18AuditLogRepository6latest
FN:411,_RNvNtNtCs1n3hO9iSSs8_13admin_service10repository5testss_25in_memory_admin_user_crud
FN:426,_RNvNtNtCs1n3hO9iSSs8_13admin_service10repository5testss_26in_memory_audit_log_latest
FNDA:0,_RNvMNtCs8MDOBp0Ievp_13admin_service10repositoryNtB2_21PgAdminUserRepository3new
FNDA:0,_RNvMs0_NtCs8MDOBp0Ievp_13admin_service10repositoryNtB5_27InMemoryAdminUserRepository3new
FNDA:0,_RNvMs2_NtCs8MDOBp0Ievp_13admin_service10repositoryNtB5_26InMemoryAuditLogRepository3new
FNDA:0,_RNvMs_NtCs8MDOBp0Ievp_13admin_service10repositoryNtB4_20PgAuditLogRepository3new
FNDA:0,_RNvNtCs8MDOBp0Ievp_13admin_service10repository10parse_role
FNDA:0,_RNvNtCs8MDOBp0Ievp_13admin_service10repository11role_to_str
FNDA:0,_RNvNtCs8MDOBp0Ievp_13admin_service10repository12row_to_audit
FNDA:0,_RNvNtCs8MDOBp0Ievp_13admin_service10repository17row_to_admin_user
FNDA:0,_RNvXs1_NtCs8MDOBp0Ievp_13admin_service10repositoryNtB5_27InMemoryAdminUserRepositoryNtNtCsc36rpYXAlPq_4core7default7Default7default
FNDA:0,_RNvXs3_NtCs8MDOBp0Ievp_13admin_service10repositoryNtB5_26InMemoryAuditLogRepositoryNtNtCsc36rpYXAlPq_4core7default7Default7default
FNDA:0,_RNvXs4_NtCs8MDOBp0Ievp_13admin_service10repositoryNtB5_21PgAdminUserRepositoryNtB5_19AdminUserRepository10find_by_id
FNDA:0,_RNvXs4_NtCs8MDOBp0Ievp_13admin_service10repositoryNtB5_21PgAdminUserRepositoryNtB5_19AdminUserRepository11list_active
FNDA:0,_RNvXs4_NtCs8MDOBp0Ievp_13admin_service10repositoryNtB5_21PgAdminUserRepositoryNtB5_19AdminUserRepository16find_by_username
FNDA:0,_RNvXs4_NtCs8MDOBp0Ievp_13admin_service10repositoryNtB5_21PgAdminUserRepositoryNtB5_19AdminUserRepository4save
FNDA:0,_RNvXs4_NtCs8MDOBp0Ievp_13admin_service10repositoryNtB5_21PgAdminUserRepositoryNtB5_19AdminUserRepository7disable
FNDA:0,_RNvXs5_NtCs8MDOBp0Ievp_13admin_service10repositoryNtB5_20PgAuditLogRepositoryNtB5_18AuditLogRepository10find_by_id
FNDA:0,_RNvXs5_NtCs8MDOBp0Ievp_13admin_service10repositoryNtB5_20PgAuditLogRepositoryNtB5_18AuditLogRepository13append_atomic
FNDA:0,_RNvXs5_NtCs8MDOBp0Ievp_13admin_service10repositoryNtB5_20PgAuditLogRepositoryNtB5_18AuditLogRepository13list_by_actor
FNDA:0,_RNvXs5_NtCs8MDOBp0Ievp_13admin_service10repositoryNtB5_20PgAuditLogRepositoryNtB5_18AuditLogRepository6append
FNDA:0,_RNvXs5_NtCs8MDOBp0Ievp_13admin_service10repositoryNtB5_20PgAuditLogRepositoryNtB5_18AuditLogRepository6latest
FNDA:0,_RNvXs6_NtCs8MDOBp0Ievp_13admin_service10repositoryNtB5_27InMemoryAdminUserRepositoryNtB5_19AdminUserRepository10find_by_id
FNDA:0,_RNvXs6_NtCs8MDOBp0Ievp_13admin_service10repositoryNtB5_27InMemoryAdminUserRepositoryNtB5_19AdminUserRepository11list_active
FNDA:0,_RNvXs6_NtCs8MDOBp0Ievp_13admin_service10repositoryNtB5_27InMemoryAdminUserRepositoryNtB5_19AdminUserRepository16find_by_username
FNDA:0,_RNvXs6_NtCs8MDOBp0Ievp_13admin_service10repositoryNtB5_27InMemoryAdminUserRepositoryNtB5_19AdminUserRepository4save
FNDA:0,_RNvXs6_NtCs8MDOBp0Ievp_13admin_service10repositoryNtB5_27InMemoryAdminUserRepositoryNtB5_19AdminUserRepository7disable
FNDA:0,_RNvXs7_NtCs8MDOBp0Ievp_13admin_service10repositoryNtB5_26InMemoryAuditLogRepositoryNtB5_18AuditLogRepository10find_by_id
FNDA:0,_RNvXs7_NtCs8MDOBp0Ievp_13admin_service10repositoryNtB5_26InMemoryAuditLogRepositoryNtB5_18AuditLogRepository13append_atomic
FNDA:0,_RNvXs7_NtCs8MDOBp0Ievp_13admin_service10repositoryNtB5_26InMemoryAuditLogRepositoryNtB5_18AuditLogRepository13list_by_actor
FNDA:0,_RNvXs7_NtCs8MDOBp0Ievp_13admin_service10repositoryNtB5_26InMemoryAuditLogRepositoryNtB5_18AuditLogRepository6append
FNDA:0,_RNvXs7_NtCs8MDOBp0Ievp_13admin_service10repositoryNtB5_26InMemoryAuditLogRepositoryNtB5_18AuditLogRepository6latest
FNDA:0,_RNCNCNvXs6_NtCs8MDOBp0Ievp_13admin_service10repositoryNtB9_27InMemoryAdminUserRepositoryNtB9_19AdminUserRepository11list_active00Bb_
FNDA:0,_RNCNCNvXs6_NtCs8MDOBp0Ievp_13admin_service10repositoryNtB9_27InMemoryAdminUserRepositoryNtB9_19AdminUserRepository16find_by_username00Bb_
FNDA:0,_RNCNCNvXs7_NtCs8MDOBp0Ievp_13admin_service10repositoryNtB9_26InMemoryAuditLogRepositoryNtB9_18AuditLogRepository13list_by_actor00Bb_
FNDA:0,_RNCNCNvXs7_NtCs8MDOBp0Ievp_13admin_service10repositoryNtB9_26InMemoryAuditLogRepositoryNtB9_18AuditLogRepository13list_by_actor0s_0Bb_
FNDA:0,_RNCNCNvXs6_NtCs1n3hO9iSSs8_13admin_service10repositoryNtB9_27InMemoryAdminUserRepositoryNtB9_19AdminUserRepository11list_active00Bb_
FNDA:3,_RNCNCNvXs6_NtCs1n3hO9iSSs8_13admin_service10repositoryNtB9_27InMemoryAdminUserRepositoryNtB9_19AdminUserRepository16find_by_username00Bb_
FNDA:0,_RNCNCNvXs7_NtCs1n3hO9iSSs8_13admin_service10repositoryNtB9_26InMemoryAuditLogRepositoryNtB9_18AuditLogRepository13list_by_actor00Bb_
FNDA:0,_RNCNCNvXs7_NtCs1n3hO9iSSs8_13admin_service10repositoryNtB9_26InMemoryAuditLogRepositoryNtB9_18AuditLogRepository13list_by_actor0s_0Bb_
FNDA:8,_RNvMs0_NtCs1n3hO9iSSs8_13admin_service10repositoryNtB5_27InMemoryAdminUserRepository3new
FNDA:8,_RNvMs2_NtCs1n3hO9iSSs8_13admin_service10repositoryNtB5_26InMemoryAuditLogRepository3new
FNDA:2,_RNvXs6_NtCs1n3hO9iSSs8_13admin_service10repositoryNtB5_27InMemoryAdminUserRepositoryNtB5_19AdminUserRepository10find_by_id
FNDA:0,_RNvXs6_NtCs1n3hO9iSSs8_13admin_service10repositoryNtB5_27InMemoryAdminUserRepositoryNtB5_19AdminUserRepository11list_active
FNDA:7,_RNvXs6_NtCs1n3hO9iSSs8_13admin_service10repositoryNtB5_27InMemoryAdminUserRepositoryNtB5_19AdminUserRepository16find_by_username
FNDA:5,_RNvXs6_NtCs1n3hO9iSSs8_13admin_service10repositoryNtB5_27InMemoryAdminUserRepositoryNtB5_19AdminUserRepository4save
FNDA:1,_RNvXs6_NtCs1n3hO9iSSs8_13admin_service10repositoryNtB5_27InMemoryAdminUserRepositoryNtB5_19AdminUserRepository7disable
FNDA:0,_RNvXs7_NtCs1n3hO9iSSs8_13admin_service10repositoryNtB5_26InMemoryAuditLogRepositoryNtB5_18AuditLogRepository10find_by_id
FNDA:0,_RNvXs7_NtCs1n3hO9iSSs8_13admin_service10repositoryNtB5_26InMemoryAuditLogRepositoryNtB5_18AuditLogRepository13append_atomic
FNDA:0,_RNvXs7_NtCs1n3hO9iSSs8_13admin_service10repositoryNtB5_26InMemoryAuditLogRepositoryNtB5_18AuditLogRepository13list_by_actor
FNDA:44,_RNvXs7_NtCs1n3hO9iSSs8_13admin_service10repositoryNtB5_26InMemoryAuditLogRepositoryNtB5_18AuditLogRepository6append
FNDA:43,_RNvXs7_NtCs1n3hO9iSSs8_13admin_service10repositoryNtB5_26InMemoryAuditLogRepositoryNtB5_18AuditLogRepository6latest
FNDA:1,_RNCNvNtNtCs1n3hO9iSSs8_13admin_service10repository5testss_25in_memory_admin_user_crud0B7_
FNDA:1,_RNCNvNtNtCs1n3hO9iSSs8_13admin_service10repository5testss_26in_memory_audit_log_latest0B7_
FNDA:0,_RNvMNtCs1n3hO9iSSs8_13admin_service10repositoryNtB2_21PgAdminUserRepository3new
FNDA:0,_RNvMs_NtCs1n3hO9iSSs8_13admin_service10repositoryNtB4_20PgAuditLogRepository3new
FNDA:0,_RNvNtCs1n3hO9iSSs8_13admin_service10repository10parse_role
FNDA:0,_RNvNtCs1n3hO9iSSs8_13admin_service10repository11role_to_str
FNDA:0,_RNvNtCs1n3hO9iSSs8_13admin_service10repository12row_to_audit
FNDA:0,_RNvNtCs1n3hO9iSSs8_13admin_service10repository17row_to_admin_user
FNDA:0,_RNvXs1_NtCs1n3hO9iSSs8_13admin_service10repositoryNtB5_27InMemoryAdminUserRepositoryNtNtCsc36rpYXAlPq_4core7default7Default7default
FNDA:0,_RNvXs3_NtCs1n3hO9iSSs8_13admin_service10repositoryNtB5_26InMemoryAuditLogRepositoryNtNtCsc36rpYXAlPq_4core7default7Default7default
FNDA:0,_RNvXs4_NtCs1n3hO9iSSs8_13admin_service10repositoryNtB5_21PgAdminUserRepositoryNtB5_19AdminUserRepository10find_by_id
FNDA:0,_RNvXs4_NtCs1n3hO9iSSs8_13admin_service10repositoryNtB5_21PgAdminUserRepositoryNtB5_19AdminUserRepository11list_active
FNDA:0,_RNvXs4_NtCs1n3hO9iSSs8_13admin_service10repositoryNtB5_21PgAdminUserRepositoryNtB5_19AdminUserRepository16find_by_username
FNDA:0,_RNvXs4_NtCs1n3hO9iSSs8_13admin_service10repositoryNtB5_21PgAdminUserRepositoryNtB5_19AdminUserRepository4save
FNDA:0,_RNvXs4_NtCs1n3hO9iSSs8_13admin_service10repositoryNtB5_21PgAdminUserRepositoryNtB5_19AdminUserRepository7disable
FNDA:0,_RNvXs5_NtCs1n3hO9iSSs8_13admin_service10repositoryNtB5_20PgAuditLogRepositoryNtB5_18AuditLogRepository10find_by_id
FNDA:0,_RNvXs5_NtCs1n3hO9iSSs8_13admin_service10repositoryNtB5_20PgAuditLogRepositoryNtB5_18AuditLogRepository13append_atomic
FNDA:0,_RNvXs5_NtCs1n3hO9iSSs8_13admin_service10repositoryNtB5_20PgAuditLogRepositoryNtB5_18AuditLogRepository13list_by_actor
FNDA:0,_RNvXs5_NtCs1n3hO9iSSs8_13admin_service10repositoryNtB5_20PgAuditLogRepositoryNtB5_18AuditLogRepository6append
FNDA:0,_RNvXs5_NtCs1n3hO9iSSs8_13admin_service10repositoryNtB5_20PgAuditLogRepositoryNtB5_18AuditLogRepository6latest
FNDA:1,_RNvNtNtCs1n3hO9iSSs8_13admin_service10repository5testss_25in_memory_admin_user_crud
FNDA:1,_RNvNtNtCs1n3hO9iSSs8_13admin_service10repository5testss_26in_memory_audit_log_latest
FNF:38
FNH:13
DA:61,0
DA:62,0
DA:63,0
DA:66,0
DA:67,0
DA:68,0
DA:69,0
DA:70,0
DA:71,0
DA:72,0
DA:73,0
DA:74,0
DA:75,0
DA:76,0
DA:77,0
DA:78,0
DA:82,0
DA:91,0
DA:93,0
DA:102,0
DA:104,0
DA:125,0
DA:127,0
DA:134,0
DA:136,0
DA:144,0
DA:152,0
DA:153,0
DA:154,0
DA:157,0
DA:158,0
DA:159,0
DA:160,0
DA:161,0
DA:162,0
DA:163,0
DA:164,0
DA:165,0
DA:166,0
DA:167,0
DA:168,0
DA:172,0
DA:189,0
DA:191,0
DA:200,0
DA:202,0
DA:212,0
DA:214,0
DA:222,0
DA:228,0
DA:257,0
DA:269,8
DA:270,8
DA:271,8
DA:272,8
DA:273,8
DA:277,0
DA:278,0
DA:279,0
DA:284,2
DA:286,2
DA:287,7
DA:293,3
DA:295,7
DA:296,5
DA:299,5
DA:300,1
DA:308,1
DA:309,0
DA:315,0
DA:318,0
DA:326,8
DA:327,8
DA:328,8
DA:329,8
DA:330,8
DA:334,0
DA:335,0
DA:336,0
DA:341,44
DA:344,44
DA:345,0
DA:347,0
DA:348,0
DA:354,0
DA:357,0
DA:360,0
DA:361,43
DA:369,43
DA:375,0
DA:381,0
DA:388,0
DA:389,0
DA:390,0
DA:391,0
DA:392,0
DA:393,0
DA:395,0
DA:397,0
DA:398,0
DA:399,0
DA:400,0
DA:401,0
DA:402,0
DA:404,0
DA:411,1
DA:412,1
DA:413,1
DA:414,1
DA:415,1
DA:416,1
DA:418,1
DA:419,1
DA:420,1
DA:421,1
DA:422,1
DA:423,1
DA:426,1
DA:427,1
DA:428,1
DA:429,1
DA:430,1
DA:431,1
DA:432,1
DA:433,1
DA:434,1
DA:436,1
DA:437,1
DA:438,1
DA:439,1
DA:440,1
DA:441,1
DA:443,1
DA:444,1
DA:445,1
DA:446,1
DA:447,1
DA:448,1
BRF:0
BRH:0
LF:142
LH:60
end_of_record
SF:/mnt/d/RustGameServer/crates/admin-service/src/service.rs
FN:72,_RNvMNtCs8MDOBp0Ievp_13admin_service7serviceNtB2_16AdminServiceImpl15find_user_by_id
FN:58,_RNvMNtCs8MDOBp0Ievp_13admin_service7serviceNtB2_16AdminServiceImpl3new
FN:67,_RNvMNtCs8MDOBp0Ievp_13admin_service7serviceNtB2_16AdminServiceImpl9with_pool
FN:83,_RNvXs_NtCs8MDOBp0Ievp_13admin_service7serviceNtB4_16AdminServiceImplNtB4_12AdminService12authenticate
FN:111,_RNvXs_NtCs8MDOBp0Ievp_13admin_service7serviceNtB4_16AdminServiceImplNtB4_12AdminService12create_admin
FN:79,_RNvXs_NtCs8MDOBp0Ievp_13admin_service7serviceNtB4_16AdminServiceImplNtB4_12AdminService12health_check
FN:141,_RNvXs_NtCs8MDOBp0Ievp_13admin_service7serviceNtB4_16AdminServiceImplNtB4_12AdminService13disable_admin
FN:165,_RNvXs_NtCs8MDOBp0Ievp_13admin_service7serviceNtB4_16AdminServiceImplNtB4_12AdminService9audit_log
FN:95,_RNCNCNvXs_NtCs8MDOBp0Ievp_13admin_service7serviceNtB8_16AdminServiceImplNtB8_12AdminService12authenticate00Ba_
FN:180,_RNCNCNvXs_NtCs8MDOBp0Ievp_13admin_service7serviceNtB8_16AdminServiceImplNtB8_12AdminService9audit_log00Ba_
FN:189,_RNCNCNvXs_NtCs8MDOBp0Ievp_13admin_service7serviceNtB8_16AdminServiceImplNtB8_12AdminService9audit_log0s1_0Ba_
FN:181,_RNCNCNvXs_NtCs8MDOBp0Ievp_13admin_service7serviceNtB8_16AdminServiceImplNtB8_12AdminService9audit_log0s_0Ba_
FN:72,_RNCNvMNtCs8MDOBp0Ievp_13admin_service7serviceNtB4_16AdminServiceImpl15find_user_by_id0B6_
FN:264,_RNCNCNvXs_NtNtCs8MDOBp0Ievp_13admin_service7service12grpc_serviceNtB8_16AdminGrpcServiceNtNtNtNtBc_5proto2v120admin_service_server12AdminService12get_admin_op00Bc_
FN:252,_RNCNCNvXs_NtNtCs8MDOBp0Ievp_13admin_service7service12grpc_serviceNtB8_16AdminGrpcServiceNtNtNtNtBc_5proto2v120admin_service_server12AdminService12get_admin_op0s1_0Bc_
FN:252,_RNCNCNvXs_NtNtCs8MDOBp0Ievp_13admin_service7service12grpc_serviceNtB8_16AdminGrpcServiceNtNtNtNtBc_5proto2v120admin_service_server12AdminService12get_admin_op0s2_0Bc_
FN:252,_RNCNCNvXs_NtNtCs8MDOBp0Ievp_13admin_service7service12grpc_serviceNtB8_16AdminGrpcServiceNtNtNtNtBc_5proto2v120admin_service_server12AdminService12get_admin_op0s3_0Bc_
FN:252,_RNCNCNvXs_NtNtCs8MDOBp0Ievp_13admin_service7service12grpc_serviceNtB8_16AdminGrpcServiceNtNtNtNtBc_5proto2v120admin_service_server12AdminService12get_admin_op0s4_0Bc_
FN:260,_RNCNCNvXs_NtNtCs8MDOBp0Ievp_13admin_service7service12grpc_serviceNtB8_16AdminGrpcServiceNtNtNtNtBc_5proto2v120admin_service_server12AdminService12get_admin_op0s6_0Bc_
FN:260,_RNCNCNvXs_NtNtCs8MDOBp0Ievp_13admin_service7service12grpc_serviceNtB8_16AdminGrpcServiceNtNtNtNtBc_5proto2v120admin_service_server12AdminService12get_admin_op0s7_0Bc_
FN:260,_RNCNCNvXs_NtNtCs8MDOBp0Ievp_13admin_service7service12grpc_serviceNtB8_16AdminGrpcServiceNtNtNtNtBc_5proto2v120admin_service_server12AdminService12get_admin_op0s8_0Bc_
FN:260,_RNCNCNvXs_NtNtCs8MDOBp0Ievp_13admin_service7service12grpc_serviceNtB8_16AdminGrpcServiceNtNtNtNtBc_5proto2v120admin_service_server12AdminService12get_admin_op0s9_0Bc_
FN:270,_RNCNCNvXs_NtNtCs8MDOBp0Ievp_13admin_service7service12grpc_serviceNtB8_16AdminGrpcServiceNtNtNtNtBc_5proto2v120admin_service_server12AdminService12get_admin_op0s_0Bc_
FN:206,_RNvMNtNtCs8MDOBp0Ievp_13admin_service7service12grpc_serviceNtB2_16AdminGrpcService3new
FN:245,_RNvXs_NtNtCs8MDOBp0Ievp_13admin_service7service12grpc_serviceNtB4_16AdminGrpcServiceNtNtNtNtB8_5proto2v120admin_service_server12AdminService12get_admin_op
FN:216,_RNvXs_NtNtCs8MDOBp0Ievp_13admin_service7service12grpc_serviceNtB4_16AdminGrpcServiceNtNtNtNtB8_5proto2v120admin_service_server12AdminService12health_check
FN:72,_RNvMNtCs1n3hO9iSSs8_13admin_service7serviceNtB2_16AdminServiceImpl15find_user_by_id
FN:58,_RNvMNtCs1n3hO9iSSs8_13admin_service7serviceNtB2_16AdminServiceImpl3new
FN:83,_RNvXs_NtCs1n3hO9iSSs8_13admin_service7serviceNtB4_16AdminServiceImplNtB4_12AdminService12authenticate
FN:111,_RNvXs_NtCs1n3hO9iSSs8_13admin_service7serviceNtB4_16AdminServiceImplNtB4_12AdminService12create_admin
FN:79,_RNvXs_NtCs1n3hO9iSSs8_13admin_service7serviceNtB4_16AdminServiceImplNtB4_12AdminService12health_check
FN:141,_RNvXs_NtCs1n3hO9iSSs8_13admin_service7serviceNtB4_16AdminServiceImplNtB4_12AdminService13disable_admin
FN:165,_RNvXs_NtCs1n3hO9iSSs8_13admin_service7serviceNtB4_16AdminServiceImplNtB4_12AdminService9audit_log
FN:95,_RNCNCNvXs_NtCs1n3hO9iSSs8_13admin_service7serviceNtB8_16AdminServiceImplNtB8_12AdminService12authenticate00Ba_
FN:180,_RNCNCNvXs_NtCs1n3hO9iSSs8_13admin_service7serviceNtB8_16AdminServiceImplNtB8_12AdminService9audit_log00Ba_
FN:189,_RNCNCNvXs_NtCs1n3hO9iSSs8_13admin_service7serviceNtB8_16AdminServiceImplNtB8_12AdminService9audit_log0s1_0Ba_
FN:181,_RNCNCNvXs_NtCs1n3hO9iSSs8_13admin_service7serviceNtB8_16AdminServiceImplNtB8_12AdminService9audit_log0s_0Ba_
FN:72,_RNCNvMNtCs1n3hO9iSSs8_13admin_service7serviceNtB4_16AdminServiceImpl15find_user_by_id0B6_
FN:448,_RNCNCNvNtNtCs1n3hO9iSSs8_13admin_service7service5testss_30audit_log_atomic_latest_append0s_0B9_
FN:403,_RNCNvNtNtCs1n3hO9iSSs8_13admin_service7service5testss_12health_check0B7_
FN:336,_RNCNvNtNtCs1n3hO9iSSs8_13admin_service7service5testss_13disable_admin0B7_
FN:353,_RNCNvNtNtCs1n3hO9iSSs8_13admin_service7service5testss_16audit_log_chains0B7_
FN:318,_RNCNvNtNtCs1n3hO9iSSs8_13admin_service7service5testss_27authenticate_wrong_password0B7_
FN:299,_RNCNvNtNtCs1n3hO9iSSs8_13admin_service7service5testss_29create_and_authenticate_admin0B7_
FN:412,_RNCNvNtNtCs1n3hO9iSSs8_13admin_service7service5testss_30audit_log_atomic_latest_append0B7_
FN:380,_RNCNvNtNtCs1n3hO9iSSs8_13admin_service7service5testss_33duplicate_admin_username_conflict0B7_
FN:264,_RNCNCNvXs_NtNtCs1n3hO9iSSs8_13admin_service7service12grpc_serviceNtB8_16AdminGrpcServiceNtNtNtNtBc_5proto2v120admin_service_server12AdminService12get_admin_op00Bc_
FN:252,_RNCNCNvXs_NtNtCs1n3hO9iSSs8_13admin_service7service12grpc_serviceNtB8_16AdminGrpcServiceNtNtNtNtBc_5proto2v120admin_service_server12AdminService12get_admin_op0s1_0Bc_
FN:252,_RNCNCNvXs_NtNtCs1n3hO9iSSs8_13admin_service7service12grpc_serviceNtB8_16AdminGrpcServiceNtNtNtNtBc_5proto2v120admin_service_server12AdminService12get_admin_op0s2_0Bc_
FN:252,_RNCNCNvXs_NtNtCs1n3hO9iSSs8_13admin_service7service12grpc_serviceNtB8_16AdminGrpcServiceNtNtNtNtBc_5proto2v120admin_service_server12AdminService12get_admin_op0s3_0Bc_
FN:252,_RNCNCNvXs_NtNtCs1n3hO9iSSs8_13admin_service7service12grpc_serviceNtB8_16AdminGrpcServiceNtNtNtNtBc_5proto2v120admin_service_server12AdminService12get_admin_op0s4_0Bc_
FN:260,_RNCNCNvXs_NtNtCs1n3hO9iSSs8_13admin_service7service12grpc_serviceNtB8_16AdminGrpcServiceNtNtNtNtBc_5proto2v120admin_service_server12AdminService12get_admin_op0s6_0Bc_
FN:260,_RNCNCNvXs_NtNtCs1n3hO9iSSs8_13admin_service7service12grpc_serviceNtB8_16AdminGrpcServiceNtNtNtNtBc_5proto2v120admin_service_server12AdminService12get_admin_op0s7_0Bc_
FN:260,_RNCNCNvXs_NtNtCs1n3hO9iSSs8_13admin_service7service12grpc_serviceNtB8_16AdminGrpcServiceNtNtNtNtBc_5proto2v120admin_service_server12AdminService12get_admin_op0s8_0Bc_
FN:260,_RNCNCNvXs_NtNtCs1n3hO9iSSs8_13admin_service7service12grpc_serviceNtB8_16AdminGrpcServiceNtNtNtNtBc_5proto2v120admin_service_server12AdminService12get_admin_op0s9_0Bc_
FN:270,_RNCNCNvXs_NtNtCs1n3hO9iSSs8_13admin_service7service12grpc_serviceNtB8_16AdminGrpcServiceNtNtNtNtBc_5proto2v120admin_service_server12AdminService12get_admin_op0s_0Bc_
FN:67,_RNvMNtCs1n3hO9iSSs8_13admin_service7serviceNtB2_16AdminServiceImpl9with_pool
FN:206,_RNvMNtNtCs1n3hO9iSSs8_13admin_service7service12grpc_serviceNtB2_16AdminGrpcService3new
FN:245,_RNvXs_NtNtCs1n3hO9iSSs8_13admin_service7service12grpc_serviceNtB4_16AdminGrpcServiceNtNtNtNtB8_5proto2v120admin_service_server12AdminService12get_admin_op
FN:216,_RNvXs_NtNtCs1n3hO9iSSs8_13admin_service7service12grpc_serviceNtB4_16AdminGrpcServiceNtNtNtNtB8_5proto2v120admin_service_server12AdminService12health_check
FN:291,_RNvNtNtCs1n3hO9iSSs8_13admin_service7service5tests3svc
FN:403,_RNvNtNtCs1n3hO9iSSs8_13admin_service7service5testss_12health_check
FN:336,_RNvNtNtCs1n3hO9iSSs8_13admin_service7service5testss_13disable_admin
FN:353,_RNvNtNtCs1n3hO9iSSs8_13admin_service7service5testss_16audit_log_chains
FN:318,_RNvNtNtCs1n3hO9iSSs8_13admin_service7service5testss_27authenticate_wrong_password
FN:299,_RNvNtNtCs1n3hO9iSSs8_13admin_service7service5testss_29create_and_authenticate_admin
FN:412,_RNvNtNtCs1n3hO9iSSs8_13admin_service7service5testss_30audit_log_atomic_latest_append
FN:380,_RNvNtNtCs1n3hO9iSSs8_13admin_service7service5testss_33duplicate_admin_username_conflict
FNDA:0,_RNvMNtCs8MDOBp0Ievp_13admin_service7serviceNtB2_16AdminServiceImpl15find_user_by_id
FNDA:0,_RNvMNtCs8MDOBp0Ievp_13admin_service7serviceNtB2_16AdminServiceImpl3new
FNDA:0,_RNvMNtCs8MDOBp0Ievp_13admin_service7serviceNtB2_16AdminServiceImpl9with_pool
FNDA:0,_RNvXs_NtCs8MDOBp0Ievp_13admin_service7serviceNtB4_16AdminServiceImplNtB4_12AdminService12authenticate
FNDA:0,_RNvXs_NtCs8MDOBp0Ievp_13admin_service7serviceNtB4_16AdminServiceImplNtB4_12AdminService12create_admin
FNDA:0,_RNvXs_NtCs8MDOBp0Ievp_13admin_service7serviceNtB4_16AdminServiceImplNtB4_12AdminService12health_check
FNDA:0,_RNvXs_NtCs8MDOBp0Ievp_13admin_service7serviceNtB4_16AdminServiceImplNtB4_12AdminService13disable_admin
FNDA:0,_RNvXs_NtCs8MDOBp0Ievp_13admin_service7serviceNtB4_16AdminServiceImplNtB4_12AdminService9audit_log
FNDA:0,_RNCNCNvXs_NtCs8MDOBp0Ievp_13admin_service7serviceNtB8_16AdminServiceImplNtB8_12AdminService12authenticate00Ba_
FNDA:0,_RNCNCNvXs_NtCs8MDOBp0Ievp_13admin_service7serviceNtB8_16AdminServiceImplNtB8_12AdminService9audit_log00Ba_
FNDA:0,_RNCNCNvXs_NtCs8MDOBp0Ievp_13admin_service7serviceNtB8_16AdminServiceImplNtB8_12AdminService9audit_log0s1_0Ba_
FNDA:0,_RNCNCNvXs_NtCs8MDOBp0Ievp_13admin_service7serviceNtB8_16AdminServiceImplNtB8_12AdminService9audit_log0s_0Ba_
FNDA:0,_RNCNvMNtCs8MDOBp0Ievp_13admin_service7serviceNtB4_16AdminServiceImpl15find_user_by_id0B6_
FNDA:0,_RNCNCNvXs_NtNtCs8MDOBp0Ievp_13admin_service7service12grpc_serviceNtB8_16AdminGrpcServiceNtNtNtNtBc_5proto2v120admin_service_server12AdminService12get_admin_op00Bc_
FNDA:0,_RNCNCNvXs_NtNtCs8MDOBp0Ievp_13admin_service7service12grpc_serviceNtB8_16AdminGrpcServiceNtNtNtNtBc_5proto2v120admin_service_server12AdminService12get_admin_op0s1_0Bc_
FNDA:0,_RNCNCNvXs_NtNtCs8MDOBp0Ievp_13admin_service7service12grpc_serviceNtB8_16AdminGrpcServiceNtNtNtNtBc_5proto2v120admin_service_server12AdminService12get_admin_op0s2_0Bc_
FNDA:0,_RNCNCNvXs_NtNtCs8MDOBp0Ievp_13admin_service7service12grpc_serviceNtB8_16AdminGrpcServiceNtNtNtNtBc_5proto2v120admin_service_server12AdminService12get_admin_op0s3_0Bc_
FNDA:0,_RNCNCNvXs_NtNtCs8MDOBp0Ievp_13admin_service7service12grpc_serviceNtB8_16AdminGrpcServiceNtNtNtNtBc_5proto2v120admin_service_server12AdminService12get_admin_op0s4_0Bc_
FNDA:0,_RNCNCNvXs_NtNtCs8MDOBp0Ievp_13admin_service7service12grpc_serviceNtB8_16AdminGrpcServiceNtNtNtNtBc_5proto2v120admin_service_server12AdminService12get_admin_op0s6_0Bc_
FNDA:0,_RNCNCNvXs_NtNtCs8MDOBp0Ievp_13admin_service7service12grpc_serviceNtB8_16AdminGrpcServiceNtNtNtNtBc_5proto2v120admin_service_server12AdminService12get_admin_op0s7_0Bc_
FNDA:0,_RNCNCNvXs_NtNtCs8MDOBp0Ievp_13admin_service7service12grpc_serviceNtB8_16AdminGrpcServiceNtNtNtNtBc_5proto2v120admin_service_server12AdminService12get_admin_op0s8_0Bc_
FNDA:0,_RNCNCNvXs_NtNtCs8MDOBp0Ievp_13admin_service7service12grpc_serviceNtB8_16AdminGrpcServiceNtNtNtNtBc_5proto2v120admin_service_server12AdminService12get_admin_op0s9_0Bc_
FNDA:0,_RNCNCNvXs_NtNtCs8MDOBp0Ievp_13admin_service7service12grpc_serviceNtB8_16AdminGrpcServiceNtNtNtNtBc_5proto2v120admin_service_server12AdminService12get_admin_op0s_0Bc_
FNDA:0,_RNvMNtNtCs8MDOBp0Ievp_13admin_service7service12grpc_serviceNtB2_16AdminGrpcService3new
FNDA:0,_RNvXs_NtNtCs8MDOBp0Ievp_13admin_service7service12grpc_serviceNtB4_16AdminGrpcServiceNtNtNtNtB8_5proto2v120admin_service_server12AdminService12get_admin_op
FNDA:0,_RNvXs_NtNtCs8MDOBp0Ievp_13admin_service7service12grpc_serviceNtB4_16AdminGrpcServiceNtNtNtNtB8_5proto2v120admin_service_server12AdminService12health_check
FNDA:1,_RNvMNtCs1n3hO9iSSs8_13admin_service7serviceNtB2_16AdminServiceImpl15find_user_by_id
FNDA:7,_RNvMNtCs1n3hO9iSSs8_13admin_service7serviceNtB2_16AdminServiceImpl3new
FNDA:2,_RNvXs_NtCs1n3hO9iSSs8_13admin_service7serviceNtB4_16AdminServiceImplNtB4_12AdminService12authenticate
FNDA:5,_RNvXs_NtCs1n3hO9iSSs8_13admin_service7serviceNtB4_16AdminServiceImplNtB4_12AdminService12create_admin
FNDA:1,_RNvXs_NtCs1n3hO9iSSs8_13admin_service7serviceNtB4_16AdminServiceImplNtB4_12AdminService12health_check
FNDA:1,_RNvXs_NtCs1n3hO9iSSs8_13admin_service7serviceNtB4_16AdminServiceImplNtB4_12AdminService13disable_admin
FNDA:42,_RNvXs_NtCs1n3hO9iSSs8_13admin_service7serviceNtB4_16AdminServiceImplNtB4_12AdminService9audit_log
FNDA:0,_RNCNCNvXs_NtCs1n3hO9iSSs8_13admin_service7serviceNtB8_16AdminServiceImplNtB8_12AdminService12authenticate00Ba_
FNDA:0,_RNCNCNvXs_NtCs1n3hO9iSSs8_13admin_service7serviceNtB8_16AdminServiceImplNtB8_12AdminService9audit_log00Ba_
FNDA:2,_RNCNCNvXs_NtCs1n3hO9iSSs8_13admin_service7serviceNtB8_16AdminServiceImplNtB8_12AdminService9audit_log0s1_0Ba_
FNDA:0,_RNCNCNvXs_NtCs1n3hO9iSSs8_13admin_service7serviceNtB8_16AdminServiceImplNtB8_12AdminService9audit_log0s_0Ba_
FNDA:1,_RNCNvMNtCs1n3hO9iSSs8_13admin_service7serviceNtB4_16AdminServiceImpl15find_user_by_id0B6_
FNDA:20,_RNCNCNvNtNtCs1n3hO9iSSs8_13admin_service7service5testss_30audit_log_atomic_latest_append0s_0B9_
FNDA:1,_RNCNvNtNtCs1n3hO9iSSs8_13admin_service7service5testss_12health_check0B7_
FNDA:1,_RNCNvNtNtCs1n3hO9iSSs8_13admin_service7service5testss_13disable_admin0B7_
FNDA:1,_RNCNvNtNtCs1n3hO9iSSs8_13admin_service7service5testss_16audit_log_chains0B7_
FNDA:1,_RNCNvNtNtCs1n3hO9iSSs8_13admin_service7service5testss_27authenticate_wrong_password0B7_
FNDA:1,_RNCNvNtNtCs1n3hO9iSSs8_13admin_service7service5testss_29create_and_authenticate_admin0B7_
FNDA:1,_RNCNvNtNtCs1n3hO9iSSs8_13admin_service7service5testss_30audit_log_atomic_latest_append0B7_
FNDA:1,_RNCNvNtNtCs1n3hO9iSSs8_13admin_service7service5testss_33duplicate_admin_username_conflict0B7_
FNDA:0,_RNCNCNvXs_NtNtCs1n3hO9iSSs8_13admin_service7service12grpc_serviceNtB8_16AdminGrpcServiceNtNtNtNtBc_5proto2v120admin_service_server12AdminService12get_admin_op00Bc_
FNDA:0,_RNCNCNvXs_NtNtCs1n3hO9iSSs8_13admin_service7service12grpc_serviceNtB8_16AdminGrpcServiceNtNtNtNtBc_5proto2v120admin_service_server12AdminService12get_admin_op0s1_0Bc_
FNDA:0,_RNCNCNvXs_NtNtCs1n3hO9iSSs8_13admin_service7service12grpc_serviceNtB8_16AdminGrpcServiceNtNtNtNtBc_5proto2v120admin_service_server12AdminService12get_admin_op0s2_0Bc_
FNDA:0,_RNCNCNvXs_NtNtCs1n3hO9iSSs8_13admin_service7service12grpc_serviceNtB8_16AdminGrpcServiceNtNtNtNtBc_5proto2v120admin_service_server12AdminService12get_admin_op0s3_0Bc_
FNDA:0,_RNCNCNvXs_NtNtCs1n3hO9iSSs8_13admin_service7service12grpc_serviceNtB8_16AdminGrpcServiceNtNtNtNtBc_5proto2v120admin_service_server12AdminService12get_admin_op0s4_0Bc_
FNDA:0,_RNCNCNvXs_NtNtCs1n3hO9iSSs8_13admin_service7service12grpc_serviceNtB8_16AdminGrpcServiceNtNtNtNtBc_5proto2v120admin_service_server12AdminService12get_admin_op0s6_0Bc_
FNDA:0,_RNCNCNvXs_NtNtCs1n3hO9iSSs8_13admin_service7service12grpc_serviceNtB8_16AdminGrpcServiceNtNtNtNtBc_5proto2v120admin_service_server12AdminService12get_admin_op0s7_0Bc_
FNDA:0,_RNCNCNvXs_NtNtCs1n3hO9iSSs8_13admin_service7service12grpc_serviceNtB8_16AdminGrpcServiceNtNtNtNtBc_5proto2v120admin_service_server12AdminService12get_admin_op0s8_0Bc_
FNDA:0,_RNCNCNvXs_NtNtCs1n3hO9iSSs8_13admin_service7service12grpc_serviceNtB8_16AdminGrpcServiceNtNtNtNtBc_5proto2v120admin_service_server12AdminService12get_admin_op0s9_0Bc_
FNDA:0,_RNCNCNvXs_NtNtCs1n3hO9iSSs8_13admin_service7service12grpc_serviceNtB8_16AdminGrpcServiceNtNtNtNtBc_5proto2v120admin_service_server12AdminService12get_admin_op0s_0Bc_
FNDA:0,_RNvMNtCs1n3hO9iSSs8_13admin_service7serviceNtB2_16AdminServiceImpl9with_pool
FNDA:0,_RNvMNtNtCs1n3hO9iSSs8_13admin_service7service12grpc_serviceNtB2_16AdminGrpcService3new
FNDA:0,_RNvXs_NtNtCs1n3hO9iSSs8_13admin_service7service12grpc_serviceNtB4_16AdminGrpcServiceNtNtNtNtB8_5proto2v120admin_service_server12AdminService12get_admin_op
FNDA:0,_RNvXs_NtNtCs1n3hO9iSSs8_13admin_service7service12grpc_serviceNtB4_16AdminGrpcServiceNtNtNtNtB8_5proto2v120admin_service_server12AdminService12health_check
FNDA:7,_RNvNtNtCs1n3hO9iSSs8_13admin_service7service5tests3svc
FNDA:1,_RNvNtNtCs1n3hO9iSSs8_13admin_service7service5testss_12health_check
FNDA:1,_RNvNtNtCs1n3hO9iSSs8_13admin_service7service5testss_13disable_admin
FNDA:1,_RNvNtNtCs1n3hO9iSSs8_13admin_service7service5testss_16audit_log_chains
FNDA:1,_RNvNtNtCs1n3hO9iSSs8_13admin_service7service5testss_27authenticate_wrong_password
FNDA:1,_RNvNtNtCs1n3hO9iSSs8_13admin_service7service5testss_29create_and_authenticate_admin
FNDA:1,_RNvNtNtCs1n3hO9iSSs8_13admin_service7service5testss_30audit_log_atomic_latest_append
FNDA:1,_RNvNtNtCs1n3hO9iSSs8_13admin_service7service5testss_33duplicate_admin_username_conflict
FNF:38
FNH:25
DA:58,7
DA:59,7
DA:60,7
DA:61,7
DA:62,7
DA:63,7
DA:64,7
DA:67,0
DA:68,0
DA:69,0
DA:70,0
DA:72,1
DA:73,1
DA:74,1
DA:79,1
DA:81,1
DA:83,2
DA:95,0
DA:103,2
DA:111,5
DA:139,5
DA:141,1
DA:157,1
DA:165,42
DA:180,0
DA:181,0
DA:189,2
DA:193,42
DA:206,0
DA:207,0
DA:208,0
DA:216,0
DA:240,0
DA:245,0
DA:252,0
DA:260,0
DA:264,0
DA:270,0
DA:282,0
DA:291,7
DA:292,7
DA:293,7
DA:294,7
DA:296,7
DA:299,1
DA:300,1
DA:301,1
DA:302,1
DA:303,1
DA:304,1
DA:305,1
DA:306,1
DA:307,1
DA:308,1
DA:309,1
DA:310,1
DA:311,1
DA:312,1
DA:313,1
DA:314,1
DA:315,1
DA:318,1
DA:319,1
DA:320,1
DA:321,1
DA:322,1
DA:323,1
DA:324,1
DA:325,1
DA:326,1
DA:327,1
DA:328,1
DA:329,1
DA:330,1
DA:331,1
DA:332,1
DA:333,1
DA:336,1
DA:337,1
DA:338,1
DA:339,1
DA:340,1
DA:341,1
DA:342,1
DA:343,1
DA:344,1
DA:345,1
DA:346,1
DA:347,1
DA:348,1
DA:349,1
DA:350,1
DA:353,1
DA:354,1
DA:355,1
DA:356,1
DA:357,1
DA:358,1
DA:359,1
DA:360,1
DA:361,1
DA:362,1
DA:363,1
DA:364,1
DA:365,1
DA:366,1
DA:367,1
DA:368,1
DA:369,1
DA:370,1
DA:371,1
DA:372,1
DA:373,1
DA:374,1
DA:375,1
DA:376,1
DA:377,1
DA:380,1
DA:381,1
DA:382,1
DA:383,1
DA:384,1
DA:385,1
DA:386,1
DA:387,1
DA:388,1
DA:389,1
DA:390,1
DA:391,1
DA:392,1
DA:393,1
DA:394,1
DA:395,1
DA:396,1
DA:397,1
DA:398,1
DA:399,1
DA:400,1
DA:403,1
DA:404,1
DA:405,1
DA:406,1
DA:412,1
DA:413,1
DA:414,1
DA:417,1
DA:418,20
DA:419,20
DA:420,20
DA:421,20
DA:422,20
DA:423,20
DA:424,20
DA:425,20
DA:426,20
DA:427,20
DA:428,20
DA:431,1
DA:433,19
DA:434,19
DA:435,19
DA:440,1
DA:441,1
DA:442,1
DA:445,1
DA:446,20
DA:447,20
DA:448,20
DA:449,20
DA:450,20
DA:451,20
DA:452,20
DA:453,20
DA:454,20
DA:455,20
DA:456,20
DA:458,1
DA:459,20
DA:460,20
DA:462,1
DA:463,1
DA:464,1
DA:465,1
BRF:0
BRH:0
LF:201
LH:181
end_of_record
SF:/mnt/d/RustGameServer/crates/cluster-ops/src/db.rs
FN:11,_RNvNtCsbBqRRzipjtL_11cluster_ops2db13pool_from_env
FN:31,_RNvNtCsbBqRRzipjtL_11cluster_ops2db14run_migrations
FN:12,_RNCNCNvNtCsbBqRRzipjtL_11cluster_ops2db13pool_from_env00B7_
FN:35,_RNCNCNvNtCsbBqRRzipjtL_11cluster_ops2db14run_migrations00B7_
FN:11,_RNCNvNtCsbBqRRzipjtL_11cluster_ops2db13pool_from_env0B5_
FN:31,_RNCNvNtCsbBqRRzipjtL_11cluster_ops2db14run_migrations0B5_
FN:20,_RNCNvNtCsbBqRRzipjtL_11cluster_ops2db9init_pool0B5_
FN:20,_RNvNtCsbBqRRzipjtL_11cluster_ops2db9init_pool
FNDA:0,_RNvNtCsbBqRRzipjtL_11cluster_ops2db13pool_from_env
FNDA:0,_RNvNtCsbBqRRzipjtL_11cluster_ops2db14run_migrations
FNDA:0,_RNCNCNvNtCsbBqRRzipjtL_11cluster_ops2db13pool_from_env00B7_
FNDA:0,_RNCNCNvNtCsbBqRRzipjtL_11cluster_ops2db14run_migrations00B7_
FNDA:0,_RNCNvNtCsbBqRRzipjtL_11cluster_ops2db13pool_from_env0B5_
FNDA:0,_RNCNvNtCsbBqRRzipjtL_11cluster_ops2db14run_migrations0B5_
FNDA:0,_RNCNvNtCsbBqRRzipjtL_11cluster_ops2db9init_pool0B5_
FNDA:0,_RNvNtCsbBqRRzipjtL_11cluster_ops2db9init_pool
FNF:8
FNH:0
DA:11,0
DA:12,0
DA:13,0
DA:14,0
DA:15,0
DA:16,0
DA:17,0
DA:18,0
DA:20,0
DA:21,0
DA:22,0
DA:23,0
DA:24,0
DA:25,0
DA:26,0
DA:27,0
DA:28,0
DA:29,0
DA:31,0
DA:32,0
DA:33,0
DA:34,0
DA:35,0
DA:36,0
DA:37,0
BRF:0
BRH:0
LF:31
LH:0
end_of_record
SF:/mnt/d/RustGameServer/crates/cluster-ops/src/entity.rs
FN:218,_RNvMs1_NtCsbBqRRzipjtL_11cluster_ops6entityNtB5_9PfauState6as_str
FN:86,_RNvMNtCsbBqRRzipjtL_11cluster_ops6entityNtB2_11ClusterNode14mark_unhealthy
FN:62,_RNvMNtCsbBqRRzipjtL_11cluster_ops6entityNtB2_11ClusterNode3new
FN:78,_RNvMNtCsbBqRRzipjtL_11cluster_ops6entityNtB2_11ClusterNode9heartbeat
FN:164,_RNvMs0_NtCsbBqRRzipjtL_11cluster_ops6entityNtB5_10SubFeature6as_str
FN:250,_RNvMs2_NtCsbBqRRzipjtL_11cluster_ops6entityNtB5_11FeatureFlag3new
FN:263,_RNvMs2_NtCsbBqRRzipjtL_11cluster_ops6entityNtB5_11FeatureFlag6enable
FN:271,_RNvMs2_NtCsbBqRRzipjtL_11cluster_ops6entityNtB5_11FeatureFlag7disable
FN:127,_RNvMs_NtCsbBqRRzipjtL_11cluster_ops6entityNtB4_11FeatureType6as_str
FN:284,_RNvNtNtCsbBqRRzipjtL_11cluster_ops6entity5testss_23node_heartbeat_recovers
FN:377,_RNvNtNtCsbBqRRzipjtL_11cluster_ops6entity5testss_24pfau_state_count_is_five
FN:325,_RNvNtNtCsbBqRRzipjtL_11cluster_ops6entity5testss_25feature_type_all_distinct
FN:339,_RNvNtNtCsbBqRRzipjtL_11cluster_ops6entity5testss_26sub_feature_count_is_seven
FN:345,_RNvNtNtCsbBqRRzipjtL_11cluster_ops6entity5testss_26sub_feature_seven_distinct
FN:298,_RNvNtNtCsbBqRRzipjtL_11cluster_ops6entity5testss_31feature_flag_version_increments
FN:319,_RNvNtNtCsbBqRRzipjtL_11cluster_ops6entity5testss_35feature_type_realm_lifecycle_exists
FN:355,_RNvNtNtCsbBqRRzipjtL_11cluster_ops6entity5testss_37sub_feature_required_snake_case_names
FN:348,_RNCNvNtNtCsbBqRRzipjtL_11cluster_ops6entity5testss_26sub_feature_seven_distinct0B7_
FN:358,_RNCNvNtNtCsbBqRRzipjtL_11cluster_ops6entity5testss_37sub_feature_required_snake_case_names0B7_
FNDA:0,_RNvMs1_NtCsbBqRRzipjtL_11cluster_ops6entityNtB5_9PfauState6as_str
FNDA:1,_RNvMNtCsbBqRRzipjtL_11cluster_ops6entityNtB2_11ClusterNode14mark_unhealthy
FNDA:8,_RNvMNtCsbBqRRzipjtL_11cluster_ops6entityNtB2_11ClusterNode3new
FNDA:2,_RNvMNtCsbBqRRzipjtL_11cluster_ops6entityNtB2_11ClusterNode9heartbeat
FNDA:14,_RNvMs0_NtCsbBqRRzipjtL_11cluster_ops6entityNtB5_10SubFeature6as_str
FNDA:5,_RNvMs2_NtCsbBqRRzipjtL_11cluster_ops6entityNtB5_11FeatureFlag3new
FNDA:2,_RNvMs2_NtCsbBqRRzipjtL_11cluster_ops6entityNtB5_11FeatureFlag6enable
FNDA:2,_RNvMs2_NtCsbBqRRzipjtL_11cluster_ops6entityNtB5_11FeatureFlag7disable
FNDA:6,_RNvMs_NtCsbBqRRzipjtL_11cluster_ops6entityNtB4_11FeatureType6as_str
FNDA:1,_RNvNtNtCsbBqRRzipjtL_11cluster_ops6entity5testss_23node_heartbeat_recovers
FNDA:1,_RNvNtNtCsbBqRRzipjtL_11cluster_ops6entity5testss_24pfau_state_count_is_five
FNDA:1,_RNvNtNtCsbBqRRzipjtL_11cluster_ops6entity5testss_25feature_type_all_distinct
FNDA:1,_RNvNtNtCsbBqRRzipjtL_11cluster_ops6entity5testss_26sub_feature_count_is_seven
FNDA:1,_RNvNtNtCsbBqRRzipjtL_11cluster_ops6entity5testss_26sub_feature_seven_distinct
FNDA:1,_RNvNtNtCsbBqRRzipjtL_11cluster_ops6entity5testss_31feature_flag_version_increments
FNDA:1,_RNvNtNtCsbBqRRzipjtL_11cluster_ops6entity5testss_35feature_type_realm_lifecycle_exists
FNDA:1,_RNvNtNtCsbBqRRzipjtL_11cluster_ops6entity5testss_37sub_feature_required_snake_case_names
FNDA:7,_RNCNvNtNtCsbBqRRzipjtL_11cluster_ops6entity5testss_26sub_feature_seven_distinct0B7_
FNDA:7,_RNCNvNtNtCsbBqRRzipjtL_11cluster_ops6entity5testss_37sub_feature_required_snake_case_names0B7_
FNF:19
FNH:18
DA:62,8
DA:63,8
DA:64,8
DA:65,8
DA:66,8
DA:67,8
DA:68,8
DA:69,8
DA:70,8
DA:71,8
DA:72,8
DA:73,8
DA:74,8
DA:75,8
DA:78,2
DA:79,2
DA:80,2
DA:81,1
DA:82,1
DA:83,2
DA:86,1
DA:87,1
DA:88,1
DA:127,6
DA:128,6
DA:129,1
DA:130,1
DA:131,1
DA:132,1
DA:133,2
DA:135,6
DA:164,14
DA:165,14
DA:166,2
DA:167,2
DA:168,2
DA:169,2
DA:170,2
DA:171,2
DA:172,2
DA:174,14
DA:218,0
DA:219,0
DA:220,0
DA:221,0
DA:222,0
DA:223,0
DA:224,0
DA:226,0
DA:250,5
DA:251,5
DA:252,5
DA:253,5
DA:254,5
DA:255,5
DA:256,5
DA:257,5
DA:258,5
DA:259,5
DA:260,5
DA:263,2
DA:264,2
DA:265,2
DA:266,2
DA:267,2
DA:268,2
DA:271,2
DA:272,2
DA:273,2
DA:274,2
DA:275,2
DA:276,2
DA:284,1
DA:285,1
DA:286,1
DA:287,1
DA:288,1
DA:289,1
DA:291,1
DA:292,1
DA:293,1
DA:294,1
DA:295,1
DA:298,1
DA:299,1
DA:300,1
DA:301,1
DA:302,1
DA:303,1
DA:304,1
DA:306,1
DA:307,1
DA:308,1
DA:309,1
DA:310,1
DA:311,1
DA:312,1
DA:313,1
DA:314,1
DA:319,1
DA:321,1
DA:322,1
DA:325,1
DA:326,1
DA:327,1
DA:328,1
DA:329,1
DA:330,1
DA:331,1
DA:333,1
DA:334,1
DA:335,1
DA:336,1
DA:339,1
DA:341,1
DA:342,1
DA:345,1
DA:347,1
DA:348,7
DA:349,1
DA:350,1
DA:351,1
DA:352,1
DA:355,1
DA:357,1
DA:358,7
DA:359,7
DA:360,1
DA:361,1
DA:362,1
DA:363,1
DA:364,1
DA:365,1
DA:366,1
DA:367,1
DA:368,7
DA:369,7
DA:374,1
DA:377,1
DA:379,1
DA:380,1
BRF:0
BRH:0
LF:143
LH:135
end_of_record
SF:/mnt/d/RustGameServer/crates/cluster-ops/src/error.rs
FN:80,_RNvXs1_NtCsbBqRRzipjtL_11cluster_ops5errorNtNtCsbSyVXrKCV0h_5tonic6status6StatusINtNtCsc36rpYXAlPq_4core7convert4FromNtB5_5ErrorE4from
FN:62,_RNvXNtCsbBqRRzipjtL_11cluster_ops5errorNtB2_5ErrorINtNtCsc36rpYXAlPq_4core7convert4FromNtNtCseEpVf4lFubh_9sqlx_core5error5ErrorE4from
FN:74,_RNvXs0_NtCsbBqRRzipjtL_11cluster_ops5errorNtB5_5ErrorINtNtCsc36rpYXAlPq_4core7convert4FromNtNtCsbSyVXrKCV0h_5tonic6status6StatusE4from
FN:68,_RNvXs_NtCsbBqRRzipjtL_11cluster_ops5errorNtB4_5ErrorINtNtCsc36rpYXAlPq_4core7convert4FromNtCs3JDQKA9KgDL_6anyhow5ErrorE4from
FN:217,_RNvNtNtCsbBqRRzipjtL_11cluster_ops5error5testss_15from_sqlx_error
FN:223,_RNvNtNtCsbBqRRzipjtL_11cluster_ops5error5testss_17from_anyhow_error
FN:229,_RNvNtNtCsbBqRRzipjtL_11cluster_ops5error5testss_17from_tonic_status
FN:249,_RNvNtNtCsbBqRRzipjtL_11cluster_ops5error5testss_18error_source_chain
FN:159,_RNvNtNtCsbBqRRzipjtL_11cluster_ops5error5testss_20database_to_internal
FN:209,_RNvNtNtCsbBqRRzipjtL_11cluster_ops5error5testss_21transport_passthrough
FN:236,_RNvNtNtCsbBqRRzipjtL_11cluster_ops5error5testss_22error_display_messages
FN:166,_RNvNtNtCsbBqRRzipjtL_11cluster_ops5error5testss_22not_found_to_not_found
FN:136,_RNvNtNtCsbBqRRzipjtL_11cluster_ops5error5testss_23pfau_aborted_to_aborted
FN:179,_RNvNtNtCsbBqRRzipjtL_11cluster_ops5error5testss_26conflict_to_already_exists
FN:197,_RNvNtNtCsbBqRRzipjtL_11cluster_ops5error5testss_26unavailable_to_unavailable
FN:203,_RNvNtNtCsbBqRRzipjtL_11cluster_ops5error5testss_27internal_anyhow_to_internal
FN:114,_RNvNtNtCsbBqRRzipjtL_11cluster_ops5error5testss_27node_not_found_to_not_found
FN:191,_RNvNtNtCsbBqRRzipjtL_11cluster_ops5error5testss_30forbidden_to_permission_denied
FN:173,_RNvNtNtCsbBqRRzipjtL_11cluster_ops5error5testss_30validation_to_invalid_argument
FN:185,_RNvNtNtCsbBqRRzipjtL_11cluster_ops5error5testss_31unauthorized_to_unauthenticated
FN:120,_RNvNtNtCsbBqRRzipjtL_11cluster_ops5error5testss_39node_maintenance_to_failed_precondition
FN:146,_RNvNtNtCsbBqRRzipjtL_11cluster_ops5error5testss_42cross_server_routing_failed_to_unavailable
FN:126,_RNvNtNtCsbBqRRzipjtL_11cluster_ops5error5testss_44pfau_version_mismatch_to_failed_precondition
FNDA:14,_RNvXs1_NtCsbBqRRzipjtL_11cluster_ops5errorNtNtCsbSyVXrKCV0h_5tonic6status6StatusINtNtCsc36rpYXAlPq_4core7convert4FromNtB5_5ErrorE4from
FNDA:1,_RNvXNtCsbBqRRzipjtL_11cluster_ops5errorNtB2_5ErrorINtNtCsc36rpYXAlPq_4core7convert4FromNtNtCseEpVf4lFubh_9sqlx_core5error5ErrorE4from
FNDA:1,_RNvXs0_NtCsbBqRRzipjtL_11cluster_ops5errorNtB5_5ErrorINtNtCsc36rpYXAlPq_4core7convert4FromNtNtCsbSyVXrKCV0h_5tonic6status6StatusE4from
FNDA:1,_RNvXs_NtCsbBqRRzipjtL_11cluster_ops5errorNtB4_5ErrorINtNtCsc36rpYXAlPq_4core7convert4FromNtCs3JDQKA9KgDL_6anyhow5ErrorE4from
FNDA:1,_RNvNtNtCsbBqRRzipjtL_11cluster_ops5error5testss_15from_sqlx_error
FNDA:1,_RNvNtNtCsbBqRRzipjtL_11cluster_ops5error5testss_17from_anyhow_error
FNDA:1,_RNvNtNtCsbBqRRzipjtL_11cluster_ops5error5testss_17from_tonic_status
FNDA:1,_RNvNtNtCsbBqRRzipjtL_11cluster_ops5error5testss_18error_source_chain
FNDA:1,_RNvNtNtCsbBqRRzipjtL_11cluster_ops5error5testss_20database_to_internal
FNDA:1,_RNvNtNtCsbBqRRzipjtL_11cluster_ops5error5testss_21transport_passthrough
FNDA:1,_RNvNtNtCsbBqRRzipjtL_11cluster_ops5error5testss_22error_display_messages
FNDA:1,_RNvNtNtCsbBqRRzipjtL_11cluster_ops5error5testss_22not_found_to_not_found
FNDA:1,_RNvNtNtCsbBqRRzipjtL_11cluster_ops5error5testss_23pfau_aborted_to_aborted
FNDA:1,_RNvNtNtCsbBqRRzipjtL_11cluster_ops5error5testss_26conflict_to_already_exists
FNDA:1,_RNvNtNtCsbBqRRzipjtL_11cluster_ops5error5testss_26unavailable_to_unavailable
FNDA:1,_RNvNtNtCsbBqRRzipjtL_11cluster_ops5error5testss_27internal_anyhow_to_internal
FNDA:1,_RNvNtNtCsbBqRRzipjtL_11cluster_ops5error5testss_27node_not_found_to_not_found
FNDA:1,_RNvNtNtCsbBqRRzipjtL_11cluster_ops5error5testss_30forbidden_to_permission_denied
FNDA:1,_RNvNtNtCsbBqRRzipjtL_11cluster_ops5error5testss_30validation_to_invalid_argument
FNDA:1,_RNvNtNtCsbBqRRzipjtL_11cluster_ops5error5testss_31unauthorized_to_unauthenticated
FNDA:1,_RNvNtNtCsbBqRRzipjtL_11cluster_ops5error5testss_39node_maintenance_to_failed_precondition
FNDA:1,_RNvNtNtCsbBqRRzipjtL_11cluster_ops5error5testss_42cross_server_routing_failed_to_unavailable
FNDA:1,_RNvNtNtCsbBqRRzipjtL_11cluster_ops5error5testss_44pfau_version_mismatch_to_failed_precondition
FNF:23
FNH:23
DA:62,1
DA:63,1
DA:64,1
DA:68,1
DA:69,1
DA:70,1
DA:74,1
DA:75,1
DA:76,1
DA:80,14
DA:82,14
DA:83,1
DA:84,1
DA:85,1
DA:86,1
DA:87,1
DA:88,1
DA:89,1
DA:90,1
DA:91,1
DA:93,1
DA:95,1
DA:98,1
DA:100,1
DA:102,1
DA:105,14
DA:114,1
DA:115,1
DA:116,1
DA:117,1
DA:120,1
DA:121,1
DA:122,1
DA:123,1
DA:126,1
DA:127,1
DA:128,1
DA:129,1
DA:130,1
DA:131,1
DA:132,1
DA:133,1
DA:136,1
DA:137,1
DA:138,1
DA:139,1
DA:140,1
DA:141,1
DA:142,1
DA:143,1
DA:146,1
DA:147,1
DA:148,1
DA:149,1
DA:150,1
DA:151,1
DA:152,1
DA:153,1
DA:154,1
DA:159,1
DA:160,1
DA:161,1
DA:162,1
DA:163,1
DA:166,1
DA:167,1
DA:168,1
DA:169,1
DA:170,1
DA:173,1
DA:174,1
DA:175,1
DA:176,1
DA:179,1
DA:180,1
DA:181,1
DA:182,1
DA:185,1
DA:186,1
DA:187,1
DA:188,1
DA:191,1
DA:192,1
DA:193,1
DA:194,1
DA:197,1
DA:198,1
DA:199,1
DA:200,1
DA:203,1
DA:204,1
DA:205,1
DA:206,1
DA:209,1
DA:210,1
DA:211,1
DA:212,1
DA:213,1
DA:214,1
DA:217,1
DA:218,1
DA:219,1
DA:220,1
DA:223,1
DA:224,1
DA:225,1
DA:226,1
DA:229,1
DA:230,1
DA:231,1
DA:232,1
DA:233,1
DA:236,1
DA:238,1
DA:239,1
DA:242,1
DA:243,1
DA:246,1
DA:249,1
DA:252,1
DA:253,1
DA:254,1
DA:255,1
BRF:0
BRH:0
LF:123
LH:123
end_of_record
SF:/mnt/d/RustGameServer/crates/cluster-ops/src/main.rs
FN:48,_RNCNCNvCs9cOaxspA3hR_11cluster_ops4main00B5_
FN:85,_RNCNCNvCs9cOaxspA3hR_11cluster_ops4main0s0_0B5_
FN:95,_RNCNCNvCs9cOaxspA3hR_11cluster_ops4main0s1_0B5_
FN:128,_RNCNCNvCs9cOaxspA3hR_11cluster_ops4main0s2_0B5_
FN:138,_RNCNCNvCs9cOaxspA3hR_11cluster_ops4main0s3_0B5_
FN:53,_RNCNCNvCs9cOaxspA3hR_11cluster_ops4main0s_0B5_
FN:42,_RNCNvCs9cOaxspA3hR_11cluster_ops4main0B3_
FN:42,_RNvCs9cOaxspA3hR_11cluster_ops4main
FNDA:0,_RNCNCNvCs9cOaxspA3hR_11cluster_ops4main00B5_
FNDA:0,_RNCNCNvCs9cOaxspA3hR_11cluster_ops4main0s0_0B5_
FNDA:0,_RNCNCNvCs9cOaxspA3hR_11cluster_ops4main0s1_0B5_
FNDA:0,_RNCNCNvCs9cOaxspA3hR_11cluster_ops4main0s2_0B5_
FNDA:0,_RNCNCNvCs9cOaxspA3hR_11cluster_ops4main0s3_0B5_
FNDA:0,_RNCNCNvCs9cOaxspA3hR_11cluster_ops4main0s_0B5_
FNDA:0,_RNCNvCs9cOaxspA3hR_11cluster_ops4main0B3_
FNDA:0,_RNvCs9cOaxspA3hR_11cluster_ops4main
FNF:8
FNH:0
DA:42,0
DA:43,0
DA:45,0
DA:46,0
DA:47,0
DA:48,0
DA:50,0
DA:52,0
DA:53,0
DA:54,0
DA:55,0
DA:56,0
DA:58,0
DA:61,0
DA:62,0
DA:63,0
DA:64,0
DA:65,0
DA:68,0
DA:69,0
DA:70,0
DA:71,0
DA:73,0
DA:74,0
DA:75,0
DA:76,0
DA:78,0
DA:81,0
DA:85,0
DA:86,0
DA:87,0
DA:88,0
DA:89,0
DA:90,0
DA:92,0
DA:93,0
DA:94,0
DA:95,0
DA:97,0
DA:98,0
DA:99,0
DA:100,0
DA:102,0
DA:103,0
DA:111,0
DA:112,0
DA:116,0
DA:117,0
DA:118,0
DA:119,0
DA:120,0
DA:121,0
DA:122,0
DA:127,0
DA:128,0
DA:130,0
DA:131,0
DA:132,0
DA:136,0
DA:138,0
DA:139,0
DA:140,0
DA:141,0
DA:142,0
DA:144,0
DA:145,0
DA:146,0
DA:147,0
DA:148,0
DA:151,0
DA:152,0
DA:153,0
DA:154,0
DA:155,0
DA:156,0
DA:157,0
DA:158,0
DA:159,0
DA:160,0
DA:161,0
BRF:0
BRH:0
LF:88
LH:0
end_of_record
SF:/mnt/d/RustGameServer/crates/cluster-ops/src/realm_lifecycle/error.rs
FN:137,_RNvXNtNtCsbBqRRzipjtL_11cluster_ops15realm_lifecycle5errorNtB2_8LcmErrorINtNtCsc36rpYXAlPq_4core7convert4FromNtNtCseEpVf4lFubh_9sqlx_core5error5ErrorE4from
FN:149,_RNvXs0_NtNtCsbBqRRzipjtL_11cluster_ops15realm_lifecycle5errorNtB5_8LcmErrorINtNtCsc36rpYXAlPq_4core7convert4FromNtNtCs1WbPv95Xff0_10serde_json5error5ErrorE4from
FN:143,_RNvXs_NtNtCsbBqRRzipjtL_11cluster_ops15realm_lifecycle5errorNtB4_8LcmErrorINtNtCsc36rpYXAlPq_4core7convert4FromNtCs3JDQKA9KgDL_6anyhow5ErrorE4from
FN:160,_RNvMs1_NtNtCsbBqRRzipjtL_11cluster_ops15realm_lifecycle5errorNtB5_8LcmError22is_compliance_critical
FN:184,_RNvNtNtNtCsbBqRRzipjtL_11cluster_ops15realm_lifecycle5error5testss_34gdpr_denied_is_compliance_critical
FN:173,_RNvNtNtNtCsbBqRRzipjtL_11cluster_ops15realm_lifecycle5error5testss_34gdpr_failed_is_compliance_critical
FN:216,_RNvNtNtNtCsbBqRRzipjtL_11cluster_ops15realm_lifecycle5error5testss_38cold_archive_n_plus_2_validation_error
FN:194,_RNvNtNtNtCsbBqRRzipjtL_11cluster_ops15realm_lifecycle5error5testss_39saga_failure_is_not_compliance_critical
FN:204,_RNvNtNtNtCsbBqRRzipjtL_11cluster_ops15realm_lifecycle5error5testss_46olu_budget_exceeded_is_not_compliance_critical
FNDA:0,_RNvXNtNtCsbBqRRzipjtL_11cluster_ops15realm_lifecycle5errorNtB2_8LcmErrorINtNtCsc36rpYXAlPq_4core7convert4FromNtNtCseEpVf4lFubh_9sqlx_core5error5ErrorE4from
FNDA:0,_RNvXs0_NtNtCsbBqRRzipjtL_11cluster_ops15realm_lifecycle5errorNtB5_8LcmErrorINtNtCsc36rpYXAlPq_4core7convert4FromNtNtCs1WbPv95Xff0_10serde_json5error5ErrorE4from
FNDA:0,_RNvXs_NtNtCsbBqRRzipjtL_11cluster_ops15realm_lifecycle5errorNtB4_8LcmErrorINtNtCsc36rpYXAlPq_4core7convert4FromNtCs3JDQKA9KgDL_6anyhow5ErrorE4from
FNDA:4,_RNvMs1_NtNtCsbBqRRzipjtL_11cluster_ops15realm_lifecycle5errorNtB5_8LcmError22is_compliance_critical
FNDA:1,_RNvNtNtNtCsbBqRRzipjtL_11cluster_ops15realm_lifecycle5error5testss_34gdpr_denied_is_compliance_critical
FNDA:1,_RNvNtNtNtCsbBqRRzipjtL_11cluster_ops15realm_lifecycle5error5testss_34gdpr_failed_is_compliance_critical
FNDA:1,_RNvNtNtNtCsbBqRRzipjtL_11cluster_ops15realm_lifecycle5error5testss_38cold_archive_n_plus_2_validation_error
FNDA:1,_RNvNtNtNtCsbBqRRzipjtL_11cluster_ops15realm_lifecycle5error5testss_39saga_failure_is_not_compliance_critical
FNDA:1,_RNvNtNtNtCsbBqRRzipjtL_11cluster_ops15realm_lifecycle5error5testss_46olu_budget_exceeded_is_not_compliance_critical
FNF:9
FNH:6
DA:137,0
DA:138,0
DA:139,0
DA:143,0
DA:144,0
DA:145,0
DA:149,0
DA:150,0
DA:151,0
DA:160,4
DA:161,2
DA:162,4
DA:165,4
DA:173,1
DA:175,1
DA:176,1
DA:177,1
DA:178,1
DA:179,1
DA:180,1
DA:181,1
DA:184,1
DA:185,1
DA:186,1
DA:187,1
DA:188,1
DA:189,1
DA:190,1
DA:191,1
DA:194,1
DA:196,1
DA:197,1
DA:198,1
DA:199,1
DA:200,1
DA:201,1
DA:204,1
DA:206,1
DA:207,1
DA:208,1
DA:209,1
DA:210,1
DA:211,1
DA:212,1
DA:213,1
DA:216,1
DA:218,1
DA:219,1
DA:220,1
DA:221,1
DA:222,1
DA:223,1
DA:224,1
DA:225,1
DA:226,1
DA:227,1
BRF:0
BRH:0
LF:56
LH:47
end_of_record
SF:/mnt/d/RustGameServer/crates/cluster-ops/src/realm_lifecycle/plans/archive_policy.rs
FN:97,_RNvMs1_NtNtNtCsbBqRRzipjtL_11cluster_ops15realm_lifecycle5plans14archive_policyNtB5_17StorageRedundancy10is_default
FN:405,_RNvNtNtNtNtCsbBqRRzipjtL_11cluster_ops15realm_lifecycle5plans14archive_policy5testss_23zero_retention_rejected
FN:420,_RNvNtNtNtNtCsbBqRRzipjtL_11cluster_ops15realm_lifecycle5plans14archive_policy5testss_24empty_gdpr_path_rejected
FN:388,_RNvNtNtNtNtCsbBqRRzipjtL_11cluster_ops15realm_lifecycle5plans14archive_policy5testss_25n_plus_3_upgrade_accepted
FN:429,_RNvNtNtNtNtCsbBqRRzipjtL_11cluster_ops15realm_lifecycle5plans14archive_policy5testss_30replica_count_satisfied_helper
FN:322,_RNvNtNtNtNtCsbBqRRzipjtL_11cluster_ops15realm_lifecycle5plans14archive_policy5testss_32classify_tier_hot_within_3_years
FN:439,_RNvNtNtNtNtCsbBqRRzipjtL_11cluster_ops15realm_lifecycle5plans14archive_policy5testss_34storage_redundancy_parse_roundtrip
FN:340,_RNvNtNtNtNtCsbBqRRzipjtL_11cluster_ops15realm_lifecycle5plans14archive_policy5testss_37classify_tier_cold_expiring_at_year_9
FN:305,_RNvNtNtNtNtCsbBqRRzipjtL_11cluster_ops15realm_lifecycle5plans14archive_policy5testss_38storage_redundancy_n_plus_2_is_default
FN:298,_RNvNtNtNtNtCsbBqRRzipjtL_11cluster_ops15realm_lifecycle5plans14archive_policy5testss_39default_retention_thresholds_match_spec
FN:370,_RNvNtNtNtNtCsbBqRRzipjtL_11cluster_ops15realm_lifecycle5plans14archive_policy5testss_39n_plus_2_with_custom_retention_accepted
FN:331,_RNvNtNtNtNtCsbBqRRzipjtL_11cluster_ops15realm_lifecycle5plans14archive_policy5testss_40classify_tier_cold_between_3_and_9_years
FN:347,_RNvNtNtNtNtCsbBqRRzipjtL_11cluster_ops15realm_lifecycle5plans14archive_policy5testss_41classify_tier_gdpr_delete_path_at_year_10
FN:452,_RNvNtNtNtNtCsbBqRRzipjtL_11cluster_ops15realm_lifecycle5plans14archive_policy5testss_42storage_redundancy_invalid_string_rejected
FN:355,_RNvNtNtNtNtCsbBqRRzipjtL_11cluster_ops15realm_lifecycle5plans14archive_policy5testss_49n_plus_1_downgrade_rejected_without_explicit_sign
FN:313,_RNvNtNtNtNtCsbBqRRzipjtL_11cluster_ops15realm_lifecycle5plans14archive_policy5testss_53storage_redundancy_required_replica_count_matches_dtl
FN:88,_RNvMs1_NtNtNtCsbBqRRzipjtL_11cluster_ops15realm_lifecycle5plans14archive_policyNtB5_17StorageRedundancy22required_replica_count
FN:234,_RNvMs2_NtNtNtCsbBqRRzipjtL_11cluster_ops15realm_lifecycle5plans14archive_policyNtB5_13ArchivePolicy13classify_tier
FN:173,_RNvMs2_NtNtNtCsbBqRRzipjtL_11cluster_ops15realm_lifecycle5plans14archive_policyNtB5_13ArchivePolicy14with_retention
FN:276,_RNvMs2_NtNtNtCsbBqRRzipjtL_11cluster_ops15realm_lifecycle5plans14archive_policyNtB5_13ArchivePolicy21total_retention_years
FN:251,_RNvMs2_NtNtNtCsbBqRRzipjtL_11cluster_ops15realm_lifecycle5plans14archive_policyNtB5_13ArchivePolicy23replica_count_satisfied
FN:152,_RNvMs2_NtNtNtCsbBqRRzipjtL_11cluster_ops15realm_lifecycle5plans14archive_policyNtB5_13ArchivePolicy3new
FN:256,_RNvMs2_NtNtNtCsbBqRRzipjtL_11cluster_ops15realm_lifecycle5plans14archive_policyNtB5_13ArchivePolicy8validate
FN:49,_RNvXNtNtNtCsbBqRRzipjtL_11cluster_ops15realm_lifecycle5plans14archive_policyNtB2_17StorageRedundancyNtNtCsc36rpYXAlPq_4core7default7Default7default
FN:69,_RNvXs0_NtNtNtCsbBqRRzipjtL_11cluster_ops15realm_lifecycle5plans14archive_policyNtB5_17StorageRedundancyNtNtNtCsc36rpYXAlPq_4core3str6traits7FromStr8from_str
FN:282,_RNvXs3_NtNtNtCsbBqRRzipjtL_11cluster_ops15realm_lifecycle5plans14archive_policyNtB5_13ArchivePolicyNtNtCsc36rpYXAlPq_4core7default7Default7default
FN:56,_RNvXs_NtNtNtCsbBqRRzipjtL_11cluster_ops15realm_lifecycle5plans14archive_policyNtB4_17StorageRedundancyNtNtCsc36rpYXAlPq_4core3fmt7Display3fmt
FNDA:0,_RNvMs1_NtNtNtCsbBqRRzipjtL_11cluster_ops15realm_lifecycle5plans14archive_policyNtB5_17StorageRedundancy10is_default
FNDA:1,_RNvNtNtNtNtCsbBqRRzipjtL_11cluster_ops15realm_lifecycle5plans14archive_policy5testss_23zero_retention_rejected
FNDA:1,_RNvNtNtNtNtCsbBqRRzipjtL_11cluster_ops15realm_lifecycle5plans14archive_policy5testss_24empty_gdpr_path_rejected
FNDA:1,_RNvNtNtNtNtCsbBqRRzipjtL_11cluster_ops15realm_lifecycle5plans14archive_policy5testss_25n_plus_3_upgrade_accepted
FNDA:1,_RNvNtNtNtNtCsbBqRRzipjtL_11cluster_ops15realm_lifecycle5plans14archive_policy5testss_30replica_count_satisfied_helper
FNDA:1,_RNvNtNtNtNtCsbBqRRzipjtL_11cluster_ops15realm_lifecycle5plans14archive_policy5testss_32classify_tier_hot_within_3_years
FNDA:1,_RNvNtNtNtNtCsbBqRRzipjtL_11cluster_ops15realm_lifecycle5plans14archive_policy5testss_34storage_redundancy_parse_roundtrip
FNDA:1,_RNvNtNtNtNtCsbBqRRzipjtL_11cluster_ops15realm_lifecycle5plans14archive_policy5testss_37classify_tier_cold_expiring_at_year_9
FNDA:1,_RNvNtNtNtNtCsbBqRRzipjtL_11cluster_ops15realm_lifecycle5plans14archive_policy5testss_38storage_redundancy_n_plus_2_is_default
FNDA:1,_RNvNtNtNtNtCsbBqRRzipjtL_11cluster_ops15realm_lifecycle5plans14archive_policy5testss_39default_retention_thresholds_match_spec
FNDA:1,_RNvNtNtNtNtCsbBqRRzipjtL_11cluster_ops15realm_lifecycle5plans14archive_policy5testss_39n_plus_2_with_custom_retention_accepted
FNDA:1,_RNvNtNtNtNtCsbBqRRzipjtL_11cluster_ops15realm_lifecycle5plans14archive_policy5testss_40classify_tier_cold_between_3_and_9_years
FNDA:1,_RNvNtNtNtNtCsbBqRRzipjtL_11cluster_ops15realm_lifecycle5plans14archive_policy5testss_41classify_tier_gdpr_delete_path_at_year_10
FNDA:1,_RNvNtNtNtNtCsbBqRRzipjtL_11cluster_ops15realm_lifecycle5plans14archive_policy5testss_42storage_redundancy_invalid_string_rejected
FNDA:1,_RNvNtNtNtNtCsbBqRRzipjtL_11cluster_ops15realm_lifecycle5plans14archive_policy5testss_49n_plus_1_downgrade_rejected_without_explicit_sign
FNDA:1,_RNvNtNtNtNtCsbBqRRzipjtL_11cluster_ops15realm_lifecycle5plans14archive_policy5testss_53storage_redundancy_required_replica_count_matches_dtl
FNDA:9,_RNvMs1_NtNtNtCsbBqRRzipjtL_11cluster_ops15realm_lifecycle5plans14archive_policyNtB5_17StorageRedundancy22required_replica_count
FNDA:9,_RNvMs2_NtNtNtCsbBqRRzipjtL_11cluster_ops15realm_lifecycle5plans14archive_policyNtB5_13ArchivePolicy13classify_tier
FNDA:4,_RNvMs2_NtNtNtCsbBqRRzipjtL_11cluster_ops15realm_lifecycle5plans14archive_policyNtB5_13ArchivePolicy14with_retention
FNDA:1,_RNvMs2_NtNtNtCsbBqRRzipjtL_11cluster_ops15realm_lifecycle5plans14archive_policyNtB5_13ArchivePolicy21total_retention_years
FNDA:4,_RNvMs2_NtNtNtCsbBqRRzipjtL_11cluster_ops15realm_lifecycle5plans14archive_policyNtB5_13ArchivePolicy23replica_count_satisfied
FNDA:7,_RNvMs2_NtNtNtCsbBqRRzipjtL_11cluster_ops15realm_lifecycle5plans14archive_policyNtB5_13ArchivePolicy3new
FNDA:1,_RNvMs2_NtNtNtCsbBqRRzipjtL_11cluster_ops15realm_lifecycle5plans14archive_policyNtB5_13ArchivePolicy8validate
FNDA:7,_RNvXNtNtNtCsbBqRRzipjtL_11cluster_ops15realm_lifecycle5plans14archive_policyNtB2_17StorageRedundancyNtNtCsc36rpYXAlPq_4core7default7Default7default
FNDA:4,_RNvXs0_NtNtNtCsbBqRRzipjtL_11cluster_ops15realm_lifecycle5plans14archive_policyNtB5_17StorageRedundancyNtNtNtCsc36rpYXAlPq_4core3str6traits7FromStr8from_str
FNDA:7,_RNvXs3_NtNtNtCsbBqRRzipjtL_11cluster_ops15realm_lifecycle5plans14archive_policyNtB5_13ArchivePolicyNtNtCsc36rpYXAlPq_4core7default7Default7default
FNDA:3,_RNvXs_NtNtNtCsbBqRRzipjtL_11cluster_ops15realm_lifecycle5plans14archive_policyNtB4_17StorageRedundancyNtNtCsc36rpYXAlPq_4core3fmt7Display3fmt
FNF:27
FNH:26
DA:49,7
DA:51,7
DA:52,7
DA:56,3
DA:57,3
DA:58,1
DA:59,1
DA:60,1
DA:62,3
DA:63,3
DA:69,4
DA:70,4
DA:71,4
DA:72,3
DA:73,2
DA:74,1
DA:75,1
DA:76,1
DA:78,4
DA:88,9
DA:89,9
DA:90,1
DA:91,6
DA:92,2
DA:94,9
DA:97,0
DA:98,0
DA:99,0
DA:152,7
DA:153,7
DA:154,7
DA:155,7
DA:156,7
DA:157,7
DA:158,7
DA:159,7
DA:160,7
DA:161,7
DA:162,7
DA:163,7
DA:164,7
DA:165,7
DA:166,7
DA:167,7
DA:168,7
DA:169,7
DA:170,7
DA:173,4
DA:174,4
DA:175,4
DA:176,4
DA:177,4
DA:178,4
DA:179,4
DA:180,4
DA:181,4
DA:182,4
DA:183,1
DA:184,1
DA:185,1
DA:186,3
DA:187,3
DA:188,0
DA:189,0
DA:190,0
DA:191,3
DA:192,3
DA:193,0
DA:194,0
DA:195,0
DA:196,3
DA:197,3
DA:198,0
DA:199,0
DA:200,0
DA:201,3
DA:202,3
DA:206,1
DA:207,1
DA:208,1
DA:209,1
DA:210,2
DA:211,2
DA:212,2
DA:213,2
DA:214,2
DA:215,2
DA:216,2
DA:217,2
DA:218,2
DA:219,2
DA:220,2
DA:221,2
DA:222,2
DA:223,4
DA:234,9
DA:235,9
DA:236,3
DA:237,6
DA:238,3
DA:239,3
DA:240,1
DA:243,2
DA:245,9
DA:251,4
DA:252,4
DA:253,4
DA:256,1
DA:257,1
DA:258,0
DA:259,0
DA:260,0
DA:261,1
DA:262,1
DA:263,1
DA:264,1
DA:265,1
DA:266,0
DA:267,0
DA:268,0
DA:269,0
DA:270,0
DA:271,0
DA:272,0
DA:273,1
DA:276,1
DA:277,1
DA:278,1
DA:282,7
DA:284,7
DA:285,7
DA:286,7
DA:287,7
DA:288,7
DA:290,7
DA:298,1
DA:300,1
DA:301,1
DA:302,1
DA:305,1
DA:307,1
DA:308,1
DA:309,1
DA:310,1
DA:313,1
DA:316,1
DA:317,1
DA:318,1
DA:319,1
DA:322,1
DA:324,1
DA:325,1
DA:326,1
DA:327,1
DA:328,1
DA:331,1
DA:333,1
DA:334,1
DA:335,1
DA:336,1
DA:337,1
DA:340,1
DA:342,1
DA:343,1
DA:344,1
DA:347,1
DA:349,1
DA:350,1
DA:351,1
DA:352,1
DA:355,1
DA:357,1
DA:358,1
DA:359,1
DA:362,1
DA:363,1
DA:364,1
DA:366,1
DA:367,1
DA:370,1
DA:372,1
DA:373,1
DA:374,1
DA:377,1
DA:378,1
DA:379,1
DA:381,1
DA:382,1
DA:383,1
DA:384,1
DA:385,1
DA:388,1
DA:390,1
DA:391,1
DA:392,1
DA:395,1
DA:396,1
DA:397,1
DA:399,1
DA:400,1
DA:401,1
DA:402,1
DA:405,1
DA:407,1
DA:408,1
DA:409,1
DA:412,1
DA:413,1
DA:414,1
DA:416,1
DA:417,1
DA:420,1
DA:422,1
DA:423,1
DA:424,1
DA:425,1
DA:426,1
DA:429,1
DA:430,1
DA:432,1
DA:433,1
DA:434,1
DA:435,1
DA:436,1
DA:439,1
DA:440,3
DA:441,1
DA:442,1
DA:443,1
DA:444,1
DA:445,3
DA:446,3
DA:447,3
DA:449,1
DA:452,1
DA:453,1
DA:454,1
DA:455,1
BRF:0
BRH:0
LF:238
LH:216
end_of_record
SF:/mnt/d/RustGameServer/crates/cluster-ops/src/repository.rs
FN:393,_RNCNvNtNtCsbBqRRzipjtL_11cluster_ops10repository5testss_24in_memory_node_heartbeat0B7_
FN:408,_RNCNvNtNtCsbBqRRzipjtL_11cluster_ops10repository5testss_25in_memory_node_mark_stale0B7_
FN:426,_RNCNvNtNtCsbBqRRzipjtL_11cluster_ops10repository5testss_28in_memory_flag_list_by_scope0B7_
FN:47,_RNvMNtCsbBqRRzipjtL_11cluster_ops10repositoryNtB2_23PgClusterNodeRepository3new
[...]
FNDA:0,_RNCNCNvXs7_NtCseUPBUVVIXPu_14social_service10repositoryNtB9_29InMemoryGuildMemberRepositoryNtB9_21GuildMemberRepository13list_by_guild00Bb_
FNDA:0,_RNCNCNvXs7_NtCseUPBUVVIXPu_14social_service10repositoryNtB9_29InMemoryGuildMemberRepositoryNtB9_21GuildMemberRepository14find_by_player00Bb_
FNDA:1,_RNCNvNtNtCs1wtljYSqUrX_14social_service10repository5testss_20in_memory_guild_crud0B7_
FNDA:1,_RNCNvNtNtCs1wtljYSqUrX_14social_service10repository5testss_31in_memory_member_find_by_player0B7_
FNDA:0,_RNvMNtCs1wtljYSqUrX_14social_service10repositoryNtB2_17PgGuildRepository3new
FNDA:0,_RNvMs_NtCs1wtljYSqUrX_14social_service10repositoryNtB4_23PgGuildMemberRepository3new
FNDA:0,_RNvNtCs1wtljYSqUrX_14social_service10repository10parse_role
FNDA:0,_RNvNtCs1wtljYSqUrX_14social_service10repository11role_to_str
FNDA:0,_RNvNtCs1wtljYSqUrX_14social_service10repository12row_to_guild
FNDA:0,_RNvNtCs1wtljYSqUrX_14social_service10repository13row_to_member
FNDA:0,_RNvXs1_NtCs1wtljYSqUrX_14social_service10repositoryNtB5_23InMemoryGuildRepositoryNtNtCsc36rpYXAlPq_4core7default7Default7default
FNDA:0,_RNvXs3_NtCs1wtljYSqUrX_14social_service10repositoryNtB5_29InMemoryGuildMemberRepositoryNtNtCsc36rpYXAlPq_4core7default7Default7default
FNDA:0,_RNvXs4_NtCs1wtljYSqUrX_14social_service10repositoryNtB5_17PgGuildRepositoryNtB5_15GuildRepository10find_by_id
FNDA:0,_RNvXs4_NtCs1wtljYSqUrX_14social_service10repositoryNtB5_17PgGuildRepositoryNtB5_15GuildRepository12delete_by_id
FNDA:0,_RNvXs4_NtCs1wtljYSqUrX_14social_service10repositoryNtB5_17PgGuildRepositoryNtB5_15GuildRepository12find_by_name
FNDA:0,_RNvXs4_NtCs1wtljYSqUrX_14social_service10repositoryNtB5_17PgGuildRepositoryNtB5_15GuildRepository14list_by_leader
FNDA:0,_RNvXs4_NtCs1wtljYSqUrX_14social_service10repositoryNtB5_17PgGuildRepositoryNtB5_15GuildRepository4save
FNDA:0,_RNvXs5_NtCs1wtljYSqUrX_14social_service10repositoryNtB5_23PgGuildMemberRepositoryNtB5_21GuildMemberRepository10find_by_id
FNDA:0,_RNvXs5_NtCs1wtljYSqUrX_14social_service10repositoryNtB5_23PgGuildMemberRepositoryNtB5_21GuildMemberRepository12delete_by_id
FNDA:0,_RNvXs5_NtCs1wtljYSqUrX_14social_service10repositoryNtB5_23PgGuildMemberRepositoryNtB5_21GuildMemberRepository13list_by_guild
FNDA:0,_RNvXs5_NtCs1wtljYSqUrX_14social_service10repositoryNtB5_23PgGuildMemberRepositoryNtB5_21GuildMemberRepository14find_by_player
FNDA:0,_RNvXs5_NtCs1wtljYSqUrX_14social_service10repositoryNtB5_23PgGuildMemberRepositoryNtB5_21GuildMemberRepository4save
FNDA:1,_RNvNtNtCs1wtljYSqUrX_14social_service10repository5testss_20in_memory_guild_crud
FNDA:1,_RNvNtNtCs1wtljYSqUrX_14social_service10repository5testss_31in_memory_member_find_by_player
FNDA:7,_RNvMs0_NtCs1wtljYSqUrX_14social_service10repositoryNtB5_23InMemoryGuildRepository3new
FNDA:7,_RNvMs2_NtCs1wtljYSqUrX_14social_service10repositoryNtB5_29InMemoryGuildMemberRepository3new
FNDA:9,_RNvXs6_NtCs1wtljYSqUrX_14social_service10repositoryNtB5_23InMemoryGuildRepositoryNtB5_15GuildRepository10find_by_id
FNDA:1,_RNvXs6_NtCs1wtljYSqUrX_14social_service10repositoryNtB5_23InMemoryGuildRepositoryNtB5_15GuildRepository12delete_by_id
FNDA:6,_RNvXs6_NtCs1wtljYSqUrX_14social_service10repositoryNtB5_23InMemoryGuildRepositoryNtB5_15GuildRepository12find_by_name
FNDA:0,_RNvXs6_NtCs1wtljYSqUrX_14social_service10repositoryNtB5_23InMemoryGuildRepositoryNtB5_15GuildRepository14list_by_leader
FNDA:10,_RNvXs6_NtCs1wtljYSqUrX_14social_service10repositoryNtB5_23InMemoryGuildRepositoryNtB5_15GuildRepository4save
FNDA:1,_RNvXs7_NtCs1wtljYSqUrX_14social_service10repositoryNtB5_29InMemoryGuildMemberRepositoryNtB5_21GuildMemberRepository10find_by_id
FNDA:2,_RNvXs7_NtCs1wtljYSqUrX_14social_service10repositoryNtB5_29InMemoryGuildMemberRepositoryNtB5_21GuildMemberRepository12delete_by_id
FNDA:1,_RNvXs7_NtCs1wtljYSqUrX_14social_service10repositoryNtB5_29InMemoryGuildMemberRepositoryNtB5_21GuildMemberRepository13list_by_guild
FNDA:5,_RNvXs7_NtCs1wtljYSqUrX_14social_service10repositoryNtB5_29InMemoryGuildMemberRepositoryNtB5_21GuildMemberRepository14find_by_player
FNDA:11,_RNvXs7_NtCs1wtljYSqUrX_14social_service10repositoryNtB5_29InMemoryGuildMemberRepositoryNtB5_21GuildMemberRepository4save
FNDA:1,_RNCNCNvXs6_NtCs1wtljYSqUrX_14social_service10repositoryNtB9_23InMemoryGuildRepositoryNtB9_15GuildRepository12find_by_name00Bb_
FNDA:0,_RNCNCNvXs6_NtCs1wtljYSqUrX_14social_service10repositoryNtB9_23InMemoryGuildRepositoryNtB9_15GuildRepository14list_by_leader00Bb_
FNDA:2,_RNCNCNvXs7_NtCs1wtljYSqUrX_14social_service10repositoryNtB9_29InMemoryGuildMemberRepositoryNtB9_21GuildMemberRepository13list_by_guild00Bb_
FNDA:5,_RNCNCNvXs7_NtCs1wtljYSqUrX_14social_service10repositoryNtB9_29InMemoryGuildMemberRepositoryNtB9_21GuildMemberRepository14find_by_player00Bb_
FNF:38
FNH:18
DA:44,0
DA:45,0
DA:46,0
DA:49,0
DA:50,0
DA:51,0
DA:52,0
DA:53,0
DA:54,0
DA:55,0
DA:56,0
DA:57,0
DA:58,0
DA:59,0
DA:60,0
DA:61,0
DA:65,0
DA:74,0
DA:76,0
DA:85,0
DA:87,0
DA:110,0
DA:112,0
DA:118,0
DA:120,0
DA:129,0
DA:137,0
DA:138,0
DA:139,0
DA:142,0
DA:143,0
DA:144,0
DA:145,0
DA:146,0
DA:147,0
DA:148,0
DA:149,0
DA:150,0
DA:151,0
DA:152,0
DA:156,0
DA:165,0
DA:167,0
DA:176,0
DA:178,0
DA:187,0
DA:189,0
DA:205,0
DA:207,0
DA:213,0
DA:225,7
DA:226,7
DA:227,7
DA:228,7
DA:229,7
DA:233,0
DA:234,0
DA:235,0
DA:240,9
DA:242,9
DA:243,6
DA:249,1
DA:251,6
DA:252,10
DA:255,10
DA:256,1
DA:258,1
DA:259,0
DA:265,0
DA:268,0
DA:276,7
DA:277,7
DA:278,7
DA:279,7
DA:280,7
DA:284,0
DA:285,0
DA:286,0
DA:291,1
DA:293,1
DA:294,1
DA:300,2
DA:303,1
DA:304,5
DA:310,5
DA:313,5
DA:314,11
DA:317,11
DA:318,2
DA:320,2
DA:327,0
DA:328,0
DA:329,0
DA:330,0
DA:331,0
DA:333,0
DA:335,0
DA:336,0
DA:337,0
DA:338,0
DA:339,0
DA:341,0
DA:348,1
DA:349,1
DA:350,1
DA:351,1
DA:352,1
DA:353,1
DA:354,1
DA:355,1
DA:356,1
DA:359,1
DA:360,1
DA:361,1
DA:362,1
DA:363,1
DA:364,1
DA:365,1
DA:366,1
DA:367,1
BRF:0
BRH:0
LF:124
LH:53
end_of_record
SF:/mnt/d/RustGameServer/crates/social-service/src/service.rs
FN:182,_RNvMNtNtCseUPBUVVIXPu_14social_service7service12grpc_serviceNtB2_17SocialGrpcService3new
FN:192,_RNvXs_NtNtCseUPBUVVIXPu_14social_service7service12grpc_serviceNtB4_17SocialGrpcServiceNtNtNtNtB8_5proto2v121social_service_server13SocialService12health_check
FN:221,_RNvXs_NtNtCseUPBUVVIXPu_14social_service7service12grpc_serviceNtB4_17SocialGrpcServiceNtNtNtNtB8_5proto2v121social_service_server13SocialService9get_guild
FN:232,_RNCNCNvXs_NtNtCseUPBUVVIXPu_14social_service7service12grpc_serviceNtB8_17SocialGrpcServiceNtNtNtNtBc_5proto2v121social_service_server13SocialService9get_guild00Bc_
FN:228,_RNCNCNvXs_NtNtCseUPBUVVIXPu_14social_service7service12grpc_serviceNtB8_17SocialGrpcServiceNtNtNtNtBc_5proto2v121social_service_server13SocialService9get_guild0s1_0Bc_
FN:228,_RNCNCNvXs_NtNtCseUPBUVVIXPu_14social_service7service12grpc_serviceNtB8_17SocialGrpcServiceNtNtNtNtBc_5proto2v121social_service_server13SocialService9get_guild0s2_0Bc_
FN:228,_RNCNCNvXs_NtNtCseUPBUVVIXPu_14social_service7service12grpc_serviceNtB8_17SocialGrpcServiceNtNtNtNtBc_5proto2v121social_service_server13SocialService9get_guild0s3_0Bc_
FN:228,_RNCNCNvXs_NtNtCseUPBUVVIXPu_14social_service7service12grpc_serviceNtB8_17SocialGrpcServiceNtNtNtNtBc_5proto2v121social_service_server13SocialService9get_guild0s4_0Bc_
FN:238,_RNCNCNvXs_NtNtCseUPBUVVIXPu_14social_service7service12grpc_serviceNtB8_17SocialGrpcServiceNtNtNtNtBc_5proto2v121social_service_server13SocialService9get_guild0s_0Bc_
FN:41,_RNvMNtCseUPBUVVIXPu_14social_service7serviceNtB2_17SocialServiceImpl16find_guild_by_id
FN:37,_RNvMNtCseUPBUVVIXPu_14social_service7serviceNtB2_17SocialServiceImpl3new
FN:91,_RNvXs_NtCseUPBUVVIXPu_14social_service7serviceNtB4_17SocialServiceImplNtB4_13SocialService10join_guild
FN:57,_RNvXs_NtCseUPBUVVIXPu_14social_service7serviceNtB4_17SocialServiceImplNtB4_13SocialService12create_guild
FN:48,_RNvXs_NtCseUPBUVVIXPu_14social_service7serviceNtB4_17SocialServiceImplNtB4_13SocialService12health_check
FN:152,_RNvXs_NtCseUPBUVVIXPu_14social_service7serviceNtB4_17SocialServiceImplNtB4_13SocialService14dissolve_guild
FN:132,_RNvXs_NtCseUPBUVVIXPu_14social_service7serviceNtB4_17SocialServiceImplNtB4_13SocialService18promote_to_officer
FN:106,_RNCNCNvXs_NtCseUPBUVVIXPu_14social_service7serviceNtB8_17SocialServiceImplNtB8_13SocialService10join_guild00Ba_
FN:159,_RNCNCNvXs_NtCseUPBUVVIXPu_14social_service7serviceNtB8_17SocialServiceImplNtB8_13SocialService14dissolve_guild00Ba_
FN:139,_RNCNCNvXs_NtCseUPBUVVIXPu_14social_service7serviceNtB8_17SocialServiceImplNtB8_13SocialService18promote_to_officer00Ba_
FN:41,_RNCNvMNtCseUPBUVVIXPu_14social_service7serviceNtB4_17SocialServiceImpl16find_guild_by_id0B6_
FN:335,_RNCNvNtNtCs1wtljYSqUrX_14social_service7service5testss_12health_check0B7_
FN:309,_RNCNvNtNtCs1wtljYSqUrX_14social_service7service5testss_18promote_to_officer0B7_
FN:267,_RNCNvNtNtCs1wtljYSqUrX_14social_service7service5testss_24create_guild_adds_leader0B7_
FN:322,_RNCNvNtNtCs1wtljYSqUrX_14social_service7service5testss_26dissolve_guild_removes_all0B7_
FN:283,_RNCNvNtNtCs1wtljYSqUrX_14social_service7service5testss_27create_duplicate_name_fails0B7_
FN:296,_RNCNvNtNtCs1wtljYSqUrX_14social_service7service5testss_27join_guild_increments_count0B7_
FN:259,_RNvNtNtCs1wtljYSqUrX_14social_service7service5tests3svc
FN:335,_RNvNtNtCs1wtljYSqUrX_14social_service7service5testss_12health_check
FN:309,_RNvNtNtCs1wtljYSqUrX_14social_service7service5testss_18promote_to_officer
FN:267,_RNvNtNtCs1wtljYSqUrX_14social_service7service5testss_24create_guild_adds_leader
FN:322,_RNvNtNtCs1wtljYSqUrX_14social_service7service5testss_26dissolve_guild_removes_all
FN:283,_RNvNtNtCs1wtljYSqUrX_14social_service7service5testss_27create_duplicate_name_fails
FN:296,_RNvNtNtCs1wtljYSqUrX_14social_service7service5testss_27join_guild_increments_count
FN:232,_RNCNCNvXs_NtNtCs1wtljYSqUrX_14social_service7service12grpc_serviceNtB8_17SocialGrpcServiceNtNtNtNtBc_5proto2v121social_service_server13SocialService9get_guild00Bc_
FN:228,_RNCNCNvXs_NtNtCs1wtljYSqUrX_14social_service7service12grpc_serviceNtB8_17SocialGrpcServiceNtNtNtNtBc_5proto2v121social_service_server13SocialService9get_guild0s1_0Bc_
FN:228,_RNCNCNvXs_NtNtCs1wtljYSqUrX_14social_service7service12grpc_serviceNtB8_17SocialGrpcServiceNtNtNtNtBc_5proto2v121social_service_server13SocialService9get_guild0s2_0Bc_
FN:228,_RNCNCNvXs_NtNtCs1wtljYSqUrX_14social_service7service12grpc_serviceNtB8_17SocialGrpcServiceNtNtNtNtBc_5proto2v121social_service_server13SocialService9get_guild0s3_0Bc_
FN:228,_RNCNCNvXs_NtNtCs1wtljYSqUrX_14social_service7service12grpc_serviceNtB8_17SocialGrpcServiceNtNtNtNtBc_5proto2v121social_service_server13SocialService9get_guild0s4_0Bc_
FN:238,_RNCNCNvXs_NtNtCs1wtljYSqUrX_14social_service7service12grpc_serviceNtB8_17SocialGrpcServiceNtNtNtNtBc_5proto2v121social_service_server13SocialService9get_guild0s_0Bc_
FN:182,_RNvMNtNtCs1wtljYSqUrX_14social_service7service12grpc_serviceNtB2_17SocialGrpcService3new
FN:192,_RNvXs_NtNtCs1wtljYSqUrX_14social_service7service12grpc_serviceNtB4_17SocialGrpcServiceNtNtNtNtB8_5proto2v121social_service_server13SocialService12health_check
FN:221,_RNvXs_NtNtCs1wtljYSqUrX_14social_service7service12grpc_serviceNtB4_17SocialGrpcServiceNtNtNtNtB8_5proto2v121social_service_server13SocialService9get_guild
FN:106,_RNCNCNvXs_NtCs1wtljYSqUrX_14social_service7serviceNtB8_17SocialServiceImplNtB8_13SocialService10join_guild00Ba_
FN:159,_RNCNCNvXs_NtCs1wtljYSqUrX_14social_service7serviceNtB8_17SocialServiceImplNtB8_13SocialService14dissolve_guild00Ba_
FN:139,_RNCNCNvXs_NtCs1wtljYSqUrX_14social_service7serviceNtB8_17SocialServiceImplNtB8_13SocialService18promote_to_officer00Ba_
FN:41,_RNCNvMNtCs1wtljYSqUrX_14social_service7serviceNtB4_17SocialServiceImpl16find_guild_by_id0B6_
FN:41,_RNvMNtCs1wtljYSqUrX_14social_service7serviceNtB2_17SocialServiceImpl16find_guild_by_id
FN:37,_RNvMNtCs1wtljYSqUrX_14social_service7serviceNtB2_17SocialServiceImpl3new
FN:91,_RNvXs_NtCs1wtljYSqUrX_14social_service7serviceNtB4_17SocialServiceImplNtB4_13SocialService10join_guild
FN:57,_RNvXs_NtCs1wtljYSqUrX_14social_service7serviceNtB4_17SocialServiceImplNtB4_13SocialService12create_guild
FN:48,_RNvXs_NtCs1wtljYSqUrX_14social_service7serviceNtB4_17SocialServiceImplNtB4_13SocialService12health_check
FN:152,_RNvXs_NtCs1wtljYSqUrX_14social_service7serviceNtB4_17SocialServiceImplNtB4_13SocialService14dissolve_guild
FN:132,_RNvXs_NtCs1wtljYSqUrX_14social_service7serviceNtB4_17SocialServiceImplNtB4_13SocialService18promote_to_officer
FNDA:0,_RNvMNtNtCseUPBUVVIXPu_14social_service7service12grpc_serviceNtB2_17SocialGrpcService3new
FNDA:0,_RNvXs_NtNtCseUPBUVVIXPu_14social_service7service12grpc_serviceNtB4_17SocialGrpcServiceNtNtNtNtB8_5proto2v121social_service_server13SocialService12health_check
FNDA:0,_RNvXs_NtNtCseUPBUVVIXPu_14social_service7service12grpc_serviceNtB4_17SocialGrpcServiceNtNtNtNtB8_5proto2v121social_service_server13SocialService9get_guild
FNDA:0,_RNCNCNvXs_NtNtCseUPBUVVIXPu_14social_service7service12grpc_serviceNtB8_17SocialGrpcServiceNtNtNtNtBc_5proto2v121social_service_server13SocialService9get_guild00Bc_
FNDA:0,_RNCNCNvXs_NtNtCseUPBUVVIXPu_14social_service7service12grpc_serviceNtB8_17SocialGrpcServiceNtNtNtNtBc_5proto2v121social_service_server13SocialService9get_guild0s1_0Bc_
FNDA:0,_RNCNCNvXs_NtNtCseUPBUVVIXPu_14social_service7service12grpc_serviceNtB8_17SocialGrpcServiceNtNtNtNtBc_5proto2v121social_service_server13SocialService9get_guild0s2_0Bc_
FNDA:0,_RNCNCNvXs_NtNtCseUPBUVVIXPu_14social_service7service12grpc_serviceNtB8_17SocialGrpcServiceNtNtNtNtBc_5proto2v121social_service_server13SocialService9get_guild0s3_0Bc_
FNDA:0,_RNCNCNvXs_NtNtCseUPBUVVIXPu_14social_service7service12grpc_serviceNtB8_17SocialGrpcServiceNtNtNtNtBc_5proto2v121social_service_server13SocialService9get_guild0s4_0Bc_
FNDA:0,_RNCNCNvXs_NtNtCseUPBUVVIXPu_14social_service7service12grpc_serviceNtB8_17SocialGrpcServiceNtNtNtNtBc_5proto2v121social_service_server13SocialService9get_guild0s_0Bc_
FNDA:0,_RNvMNtCseUPBUVVIXPu_14social_service7serviceNtB2_17SocialServiceImpl16find_guild_by_id
FNDA:0,_RNvMNtCseUPBUVVIXPu_14social_service7serviceNtB2_17SocialServiceImpl3new
FNDA:0,_RNvXs_NtCseUPBUVVIXPu_14social_service7serviceNtB4_17SocialServiceImplNtB4_13SocialService10join_guild
FNDA:0,_RNvXs_NtCseUPBUVVIXPu_14social_service7serviceNtB4_17SocialServiceImplNtB4_13SocialService12create_guild
FNDA:0,_RNvXs_NtCseUPBUVVIXPu_14social_service7serviceNtB4_17SocialServiceImplNtB4_13SocialService12health_check
FNDA:0,_RNvXs_NtCseUPBUVVIXPu_14social_service7serviceNtB4_17SocialServiceImplNtB4_13SocialService14dissolve_guild
FNDA:0,_RNvXs_NtCseUPBUVVIXPu_14social_service7serviceNtB4_17SocialServiceImplNtB4_13SocialService18promote_to_officer
FNDA:0,_RNCNCNvXs_NtCseUPBUVVIXPu_14social_service7serviceNtB8_17SocialServiceImplNtB8_13SocialService10join_guild00Ba_
FNDA:0,_RNCNCNvXs_NtCseUPBUVVIXPu_14social_service7serviceNtB8_17SocialServiceImplNtB8_13SocialService14dissolve_guild00Ba_
FNDA:0,_RNCNCNvXs_NtCseUPBUVVIXPu_14social_service7serviceNtB8_17SocialServiceImplNtB8_13SocialService18promote_to_officer00Ba_
FNDA:0,_RNCNvMNtCseUPBUVVIXPu_14social_service7serviceNtB4_17SocialServiceImpl16find_guild_by_id0B6_
FNDA:1,_RNCNvNtNtCs1wtljYSqUrX_14social_service7service5testss_12health_check0B7_
FNDA:1,_RNCNvNtNtCs1wtljYSqUrX_14social_service7service5testss_18promote_to_officer0B7_
FNDA:1,_RNCNvNtNtCs1wtljYSqUrX_14social_service7service5testss_24create_guild_adds_leader0B7_
FNDA:1,_RNCNvNtNtCs1wtljYSqUrX_14social_service7service5testss_26dissolve_guild_removes_all0B7_
FNDA:1,_RNCNvNtNtCs1wtljYSqUrX_14social_service7service5testss_27create_duplicate_name_fails0B7_
FNDA:1,_RNCNvNtNtCs1wtljYSqUrX_14social_service7service5testss_27join_guild_increments_count0B7_
FNDA:6,_RNvNtNtCs1wtljYSqUrX_14social_service7service5tests3svc
FNDA:1,_RNvNtNtCs1wtljYSqUrX_14social_service7service5testss_12health_check
FNDA:1,_RNvNtNtCs1wtljYSqUrX_14social_service7service5testss_18promote_to_officer
FNDA:1,_RNvNtNtCs1wtljYSqUrX_14social_service7service5testss_24create_guild_adds_leader
FNDA:1,_RNvNtNtCs1wtljYSqUrX_14social_service7service5testss_26dissolve_guild_removes_all
FNDA:1,_RNvNtNtCs1wtljYSqUrX_14social_service7service5testss_27create_duplicate_name_fails
FNDA:1,_RNvNtNtCs1wtljYSqUrX_14social_service7service5testss_27join_guild_increments_count
FNDA:0,_RNCNCNvXs_NtNtCs1wtljYSqUrX_14social_service7service12grpc_serviceNtB8_17SocialGrpcServiceNtNtNtNtBc_5proto2v121social_service_server13SocialService9get_guild00Bc_
FNDA:0,_RNCNCNvXs_NtNtCs1wtljYSqUrX_14social_service7service12grpc_serviceNtB8_17SocialGrpcServiceNtNtNtNtBc_5proto2v121social_service_server13SocialService9get_guild0s1_0Bc_
FNDA:0,_RNCNCNvXs_NtNtCs1wtljYSqUrX_14social_service7service12grpc_serviceNtB8_17SocialGrpcServiceNtNtNtNtBc_5proto2v121social_service_server13SocialService9get_guild0s2_0Bc_
FNDA:0,_RNCNCNvXs_NtNtCs1wtljYSqUrX_14social_service7service12grpc_serviceNtB8_17SocialGrpcServiceNtNtNtNtBc_5proto2v121social_service_server13SocialService9get_guild0s3_0Bc_
FNDA:0,_RNCNCNvXs_NtNtCs1wtljYSqUrX_14social_service7service12grpc_serviceNtB8_17SocialGrpcServiceNtNtNtNtBc_5proto2v121social_service_server13SocialService9get_guild0s4_0Bc_
FNDA:0,_RNCNCNvXs_NtNtCs1wtljYSqUrX_14social_service7service12grpc_serviceNtB8_17SocialGrpcServiceNtNtNtNtBc_5proto2v121social_service_server13SocialService9get_guild0s_0Bc_
FNDA:0,_RNvMNtNtCs1wtljYSqUrX_14social_service7service12grpc_serviceNtB2_17SocialGrpcService3new
FNDA:0,_RNvXs_NtNtCs1wtljYSqUrX_14social_service7service12grpc_serviceNtB4_17SocialGrpcServiceNtNtNtNtB8_5proto2v121social_service_server13SocialService12health_check
FNDA:0,_RNvXs_NtNtCs1wtljYSqUrX_14social_service7service12grpc_serviceNtB4_17SocialGrpcServiceNtNtNtNtB8_5proto2v121social_service_server13SocialService9get_guild
FNDA:0,_RNCNCNvXs_NtCs1wtljYSqUrX_14social_service7serviceNtB8_17SocialServiceImplNtB8_13SocialService10join_guild00Ba_
FNDA:0,_RNCNCNvXs_NtCs1wtljYSqUrX_14social_service7serviceNtB8_17SocialServiceImplNtB8_13SocialService14dissolve_guild00Ba_
FNDA:0,_RNCNCNvXs_NtCs1wtljYSqUrX_14social_service7serviceNtB8_17SocialServiceImplNtB8_13SocialService18promote_to_officer00Ba_
FNDA:3,_RNCNvMNtCs1wtljYSqUrX_14social_service7serviceNtB4_17SocialServiceImpl16find_guild_by_id0B6_
FNDA:3,_RNvMNtCs1wtljYSqUrX_14social_service7serviceNtB2_17SocialServiceImpl16find_guild_by_id
FNDA:6,_RNvMNtCs1wtljYSqUrX_14social_service7serviceNtB2_17SocialServiceImpl3new
FNDA:4,_RNvXs_NtCs1wtljYSqUrX_14social_service7serviceNtB4_17SocialServiceImplNtB4_13SocialService10join_guild
FNDA:6,_RNvXs_NtCs1wtljYSqUrX_14social_service7serviceNtB4_17SocialServiceImplNtB4_13SocialService12create_guild
FNDA:1,_RNvXs_NtCs1wtljYSqUrX_14social_service7serviceNtB4_17SocialServiceImplNtB4_13SocialService12health_check
FNDA:1,_RNvXs_NtCs1wtljYSqUrX_14social_service7serviceNtB4_17SocialServiceImplNtB4_13SocialService14dissolve_guild
FNDA:1,_RNvXs_NtCs1wtljYSqUrX_14social_service7serviceNtB4_17SocialServiceImplNtB4_13SocialService18promote_to_officer
FNF:31
FNH:21
DA:37,6
DA:38,6
DA:39,6
DA:41,3
DA:42,3
DA:43,3
DA:48,1
DA:50,1
DA:57,6
DA:89,6
DA:91,4
DA:106,0
DA:107,0
DA:130,4
DA:132,1
DA:139,0
DA:140,0
DA:150,1
DA:152,1
DA:159,0
DA:160,0
DA:169,1
DA:182,0
DA:183,0
DA:184,0
DA:192,0
DA:216,0
DA:221,0
DA:228,0
DA:232,0
DA:238,0
DA:250,0
DA:259,6
DA:260,6
DA:261,6
DA:262,6
DA:264,6
DA:267,1
DA:268,1
DA:269,1
DA:270,1
DA:271,1
DA:272,1
DA:273,1
DA:274,1
DA:275,1
DA:277,1
DA:278,1
DA:279,1
DA:280,1
DA:283,1
DA:284,1
DA:285,1
DA:286,1
DA:287,1
DA:288,1
DA:289,1
DA:290,1
DA:291,1
DA:292,1
DA:293,1
DA:296,1
DA:297,1
DA:298,1
DA:299,1
DA:300,1
DA:301,1
DA:302,1
DA:303,1
DA:304,1
DA:305,1
DA:306,1
DA:309,1
DA:310,1
DA:311,1
DA:312,1
DA:313,1
DA:314,1
DA:315,1
DA:316,1
DA:317,1
DA:318,1
DA:319,1
DA:322,1
DA:323,1
DA:324,1
DA:325,1
DA:326,1
DA:327,1
DA:328,1
DA:329,1
DA:330,1
DA:331,1
DA:332,1
DA:335,1
DA:336,1
DA:337,1
DA:338,1
BRF:0
BRH:0
LF:112
LH:95
end_of_record